<?xml version="1.0" encoding="UTF-8"?>
<testsuite xmlns:xsi="http://www.w3.org/2001/XMLSchema-instance" xsi:noNamespaceSchemaLocation="https://maven.apache.org/surefire/maven-surefire-plugin/xsd/surefire-test-report.xsd" version="3.0.2" name="org.matsim.project.tools.CorridorPipelineTest" time="2.712" tests="2" errors="0" skipped="0" failures="0">
  <properties>
[...]
</properties>
  <testcase name="publicTransitMapperMapsCorridorStopsToLinks" classname="org.matsim.project.tools.CorridorPipelineTest" time="2.406">
    <system-out><![CDATA[2025-10-21T15:09:53,904  INFO GtfsFeedImpl:141 Loading GTFS files from /var/folders/7r/2288hvdn1rq7lmxcl2729h7w0000gn/T/junit11221320545165250434/bl_corridor/
2025-10-21T15:09:53,905  INFO GtfsFeedImpl:202 Loading agency.txt
2025-10-21T15:09:53,917  INFO GtfsFeedImpl:234 ...     agency.txt loaded
2025-10-21T15:09:53,917  INFO GtfsFeedImpl:247 Loading stops.txt
2025-10-21T15:09:53,918  INFO GtfsFeedImpl:304 ...     stops.txt loaded
2025-10-21T15:09:53,919  INFO GtfsFeedImpl:329 Loading calendar.txt
2025-10-21T15:09:53,920  INFO GtfsFeedImpl:364 ...     calendar.txt loaded
2025-10-21T15:09:53,920  INFO GtfsFeedImpl:378 Looking for calendar_dates.txt
2025-10-21T15:09:53,920  INFO GtfsFeedImpl:412 ...     no calendar dates file found.
2025-10-21T15:09:53,921  INFO GtfsFeedImpl:431 Looking for shapes.txt
2025-10-21T15:09:53,921  INFO GtfsFeedImpl:458 ...     no shapes file found.
2025-10-21T15:09:53,921  INFO GtfsFeedImpl:476 Loading routes.txt
2025-10-21T15:09:53,923  INFO GtfsFeedImpl:529 ...     routes.txt loaded
2025-10-21T15:09:53,923  INFO GtfsFeedImpl:545 Loading trips.txt
2025-10-21T15:09:53,924  INFO GtfsFeedImpl:591 ...     trips.txt loaded
2025-10-21T15:09:53,924  INFO GtfsFeedImpl:604 Loading stop_times.txt
2025-10-21T15:09:53,927  INFO GtfsFeedImpl:678 ...     stop_times.txt loaded
2025-10-21T15:09:53,927  INFO GtfsFeedImpl:689 Looking for frequencies.txt
2025-10-21T15:09:53,927  INFO GtfsFeedImpl:726 ...     no frequencies file found
2025-10-21T15:09:53,927  INFO GtfsFeedImpl:737 Looking for transfers.txt
2025-10-21T15:09:53,927  INFO GtfsFeedImpl:772 ...     no transfers file found
2025-10-21T15:09:53,927  INFO GtfsFeedImpl:175 All files loaded
2025-10-21T15:09:53,931  INFO Config:461 setting context to [file:/Users/ro9air/matsim-example-project/]
2025-10-21T15:09:53,968  INFO Version:21 HV000001: Hibernate Validator 8.0.1.Final
2025-10-21T15:09:54,051  INFO Config:461 setting context to [file:/Users/ro9air/matsim-example-project/]
2025-10-21T15:09:54,053  INFO GtfsConverter:102 #####################################
2025-10-21T15:09:54,053  INFO GtfsConverter:103 Converting to MATSim transit schedule
2025-10-21T15:09:54,632  INFO GtfsConverter:390     Using service IDs of the day with the most trips (dayWithMostTrips).
2025-10-21T15:09:54,634  INFO GtfsConverter:110     Extracting schedule from date 2025-01-01
2025-10-21T15:09:54,636  INFO GtfsConverter:191     Creating TransitLines from routes and TransitRoutes from trips...
2025-10-21T15:09:54,638  INFO ScheduleCleaner:321 Combining TransitRoutes with equal stop sequence and arrival/departure offsets...
2025-10-21T15:09:54,639  INFO ScheduleCleaner:352 ... Combined 0 transit routes
2025-10-21T15:09:54,639  INFO ScheduleCleaner:89 ... Removing not used stop facilities
2025-10-21T15:09:54,639  INFO ScheduleCleaner:117    0 stop facilities removed
2025-10-21T15:09:54,639  INFO ScheduleCleaner:126 ... Removing not used minimal transfer times
2025-10-21T15:09:54,639  INFO ScheduleCleaner:142     0 not used minimal transfer times facilities removed
2025-10-21T15:09:54,642  INFO Counter:70 [VehiclesImpl] added vehicle # 1
2025-10-21T15:09:54,642  INFO Counter:70 [VehiclesImpl] added vehicle # 2
2025-10-21T15:09:54,642  INFO Counter:70 [VehiclesImpl] added vehicle # 4
2025-10-21T15:09:54,643  INFO GtfsConverter:140     Created 4 routes on 2 lines.
2025-10-21T15:09:54,643  INFO GtfsConverter:141     Day 2025-01-01
2025-10-21T15:09:54,643  INFO GtfsConverter:142 ... GTFS converted to an unmapped MATSIM Transit Schedule
2025-10-21T15:09:54,643  INFO GtfsConverter:143 #########################################################
2025-10-21T15:09:54,643  INFO ScheduleTools:78 Writing transit schedule to file /var/folders/7r/2288hvdn1rq7lmxcl2729h7w0000gn/T/junit11221320545165250434/transitSchedule-unmapped.xml.gz
2025-10-21T15:09:54,644  INFO TransitScheduleWriter:89 about to write transit schedule to: /var/folders/7r/2288hvdn1rq7lmxcl2729h7w0000gn/T/junit11221320545165250434/transitSchedule-unmapped.xml.gz
2025-10-21T15:09:54,694  INFO ScheduleTools:80 done.
2025-10-21T15:09:54,695  INFO ScheduleTools:521 Writing vehicles to file /var/folders/7r/2288hvdn1rq7lmxcl2729h7w0000gn/T/junit11221320545165250434/transitVehicles.xml.gz
2025-10-21T15:09:54,695  INFO MatsimVehicleWriter:49 about to write vehicles to: /var/folders/7r/2288hvdn1rq7lmxcl2729h7w0000gn/T/junit11221320545165250434/transitVehicles.xml.gz
2025-10-21T15:09:54,695  INFO VehicleWriterV2:64 about to write vehicles to: /var/folders/7r/2288hvdn1rq7lmxcl2729h7w0000gn/T/junit11221320545165250434/transitVehicles.xml.gz
2025-10-21T15:09:54,699  INFO IOUtils:224 Resolved /var/folders/7r/2288hvdn1rq7lmxcl2729h7w0000gn/T/junit11221320545165250434/ptmapper-config.xml to /var/folders/7r/2288hvdn1rq7lmxcl2729h7w0000gn/T/junit11221320545165250434/ptmapper-config.xml
2025-10-21T15:09:54,699  INFO Config:461 setting context to [file:/Users/ro9air/matsim-example-project/]
2025-10-21T15:09:54,701  INFO MatsimXmlParser:170 starting to parse xml from url file:/var/folders/7r/2288hvdn1rq7lmxcl2729h7w0000gn/T/junit11221320545165250434/ptmapper-config.xml ...
2025-10-21T15:09:54,723  INFO ConfigReader:105 using config_v2-reader
2025-10-21T15:09:54,723  INFO MatsimXmlParser:296 Trying to load http://www.matsim.org/files/dtd/config_v2.dtd. In some cases (e.g. network interface up but no connection), this may take a bit.
2025-10-21T15:09:55,316  INFO Config:461 setting context to [file:/var/folders/7r/2288hvdn1rq7lmxcl2729h7w0000gn/T/junit11221320545165250434/ptmapper-config.xml]
2025-10-21T15:09:55,316  INFO Config:461 setting context to [file:/Users/ro9air/matsim-example-project/]
2025-10-21T15:09:55,319  INFO MatsimXmlParser:153 starting to parse xml from file /var/folders/7r/2288hvdn1rq7lmxcl2729h7w0000gn/T/junit11221320545165250434/transitSchedule-unmapped.xml.gz ...
2025-10-21T15:09:55,319  INFO IOUtils:224 Resolved /var/folders/7r/2288hvdn1rq7lmxcl2729h7w0000gn/T/junit11221320545165250434/transitSchedule-unmapped.xml.gz to /var/folders/7r/2288hvdn1rq7lmxcl2729h7w0000gn/T/junit11221320545165250434/transitSchedule-unmapped.xml.gz
2025-10-21T15:09:55,320  INFO MatsimXmlParser:296 Trying to load http://www.matsim.org/files/dtd/transitSchedule_v2.dtd. In some cases (e.g. network interface up but no connection), this may take a bit.
2025-10-21T15:09:55,604  INFO Config:461 setting context to [file:/Users/ro9air/matsim-example-project/]
2025-10-21T15:09:55,608  INFO MatsimXmlParser:153 starting to parse xml from file /var/folders/7r/2288hvdn1rq7lmxcl2729h7w0000gn/T/junit11221320545165250434/bl_corridor_network.xml ...
2025-10-21T15:09:55,608  INFO IOUtils:224 Resolved /var/folders/7r/2288hvdn1rq7lmxcl2729h7w0000gn/T/junit11221320545165250434/bl_corridor_network.xml to /var/folders/7r/2288hvdn1rq7lmxcl2729h7w0000gn/T/junit11221320545165250434/bl_corridor_network.xml
2025-10-21T15:09:55,609  INFO MatsimNetworkReader:122 using network_v2-reader.
2025-10-21T15:09:55,610  INFO MatsimXmlParser:296 Trying to load http://www.matsim.org/files/dtd/network_v2.dtd. In some cases (e.g. network interface up but no connection), this may take a bit.
2025-10-21T15:09:55,886  INFO NetworkImpl:165  node # 1
2025-10-21T15:09:55,905  INFO NetworkImpl:161  link # 1
2025-10-21T15:09:55,909  INFO LinkCandidateCreatorStandard:82 ===========================
2025-10-21T15:09:55,909  INFO LinkCandidateCreatorStandard:83 Creating link candidates...
2025-10-21T15:09:55,909  INFO LinkCandidateCreatorStandard:85    Note: loop links for stop facilities are created if no link candidate can be found.
2025-10-21T15:09:55,910  INFO Progress:40 Getting closest links ... 0/4 (0.00%)
2025-10-21T15:09:55,914  INFO NetworkImpl:419 building QuadTree for nodes: xrange(303803.189,304997.853); yrange(2770511.496,2770591.711)
2025-10-21T15:09:55,916  INFO NetworkImpl:428 Building QuadTree took 0.003 seconds.
2025-10-21T15:09:55,920  INFO Progress:40 Getting closest links ... 4/4 (100.00%)
2025-10-21T15:09:55,921  INFO Progress:40 Creating link candidates ... 0/12 (0.00%)
2025-10-21T15:09:55,922  INFO NetworkImpl:165  node # 4
2025-10-21T15:09:55,922  INFO NetworkImpl:161  link # 4
2025-10-21T15:09:55,922  INFO Progress:40 Creating link candidates ... 12/12 (100.00%)
2025-10-21T15:09:55,922  INFO Progress:40 Setting candidate priorities ... 0/12 (0.00%)
2025-10-21T15:09:55,922  INFO LinkCandidateCreatorStandard:233 Average number of link candidates: 1
2025-10-21T15:09:55,925  INFO PTMapper:153 ======================================
2025-10-21T15:09:55,925  INFO PTMapper:154 Mapping transit schedule to network...
2025-10-21T15:09:55,925  INFO PTMapper:170 ==================================
2025-10-21T15:09:55,925  INFO PTMapper:171 Calculating pseudoTransitRoutes... (4 transit routes in 2 transit lines)
2025-10-21T15:09:55,926  INFO Progress:40 Calculating pseudoTransitRoutes ... 0/4 (0.00%)
2025-10-21T15:09:55,927  INFO ScheduleRoutersStandard:85 ==============================================
2025-10-21T15:09:55,927  INFO ScheduleRoutersStandard:86 Creating network routers for transit routes...
2025-10-21T15:09:55,927  INFO ScheduleRoutersStandard:87 Initiating network and router for transit routes...
2025-10-21T15:09:55,927  INFO ScheduleRoutersStandard:106 New router for schedule mode subway
2025-10-21T15:09:55,928  INFO Config:461 setting context to [file:/Users/ro9air/matsim-example-project/]
2025-10-21T15:09:55,929  INFO NetworkImpl:165  node # 1
2025-10-21T15:09:55,929  INFO NetworkImpl:165  node # 4
2025-10-21T15:09:55,929  INFO NetworkImpl:161  link # 1
2025-10-21T15:09:55,931  INFO SpeedyALTData:51 find dead ends...
2025-10-21T15:09:55,932  INFO SpeedyALTData:132 calculate landmarks...
2025-10-21T15:09:55,933  INFO SpeedyALTData:173 calculate min travelcost...
2025-10-21T15:09:55,934  INFO ScheduleRoutersStandard:106 New router for schedule mode bus
2025-10-21T15:09:55,934  INFO Config:461 setting context to [file:/Users/ro9air/matsim-example-project/]
2025-10-21T15:09:55,935  INFO NetworkImpl:165  node # 1
2025-10-21T15:09:55,935  INFO NetworkImpl:165  node # 4
2025-10-21T15:09:55,935  INFO SpeedyALTData:51 find dead ends...
2025-10-21T15:09:55,935  INFO SpeedyALTData:132 calculate landmarks...
2025-10-21T15:09:55,935  INFO SpeedyALTData:173 calculate min travelcost...
2025-10-21T15:09:55,938  INFO Progress:40 Calculating pseudoTransitRoutes ... 4/4 (100.00%)
2025-10-21T15:09:55,938  INFO PTMapper:206 =====================================
2025-10-21T15:09:55,938  INFO PTMapper:207 Adding artificial links to network...
2025-10-21T15:09:55,938  INFO PTMapper:218 ==========================================================================================
2025-10-21T15:09:55,938  INFO PTMapper:219 Replacing parent StopFacilities in schedule, creating link sequences for transit routes...
2025-10-21T15:09:55,940  INFO PseudoScheduleImpl:229 createFacilitiesAndLinkSequences done.
2025-10-21T15:09:55,940  INFO PTMapper:226 ================================
2025-10-21T15:09:55,940  INFO PTMapper:227 Pulling child stop facilities...
2025-10-21T15:09:55,941  INFO PTMapper:234 ==========================================
2025-10-21T15:09:55,941  INFO PTMapper:235 Add transfers for child stop facilities...
2025-10-21T15:09:55,942  INFO PTMapper:243 =============================
2025-10-21T15:09:55,942  INFO PTMapper:244 Clean schedule and network...
2025-10-21T15:09:55,942  INFO ScheduleCleaner:188 ... Removing links that are not used by public transit
2025-10-21T15:09:55,942  INFO ScheduleCleaner:227     0 links removed
2025-10-21T15:09:55,942  INFO ScheduleCleaner:89 ... Removing not used stop facilities
2025-10-21T15:09:55,942  INFO ScheduleCleaner:117    6 stop facilities removed
2025-10-21T15:09:55,942  INFO ScheduleCleaner:126 ... Removing not used minimal transfer times
2025-10-21T15:09:55,943  INFO ScheduleCleaner:142     12 not used minimal transfer times facilities removed
2025-10-21T15:09:55,943  INFO ScheduleTools:336 ... Assigning schedule transport mode to network
2025-10-21T15:09:55,943  INFO PTMapper:250 ======================
2025-10-21T15:09:55,943  INFO PTMapper:251 Validating schedule...
2025-10-21T15:09:55,945  INFO PTMapper:290 Schedule appears valid!
2025-10-21T15:09:55,946  INFO PTMapper:254 ==================================================
2025-10-21T15:09:55,946  INFO PTMapper:255 = Mapping transit schedule to network completed! =
2025-10-21T15:09:55,946  INFO PTMapper:256 ==================================================
2025-10-21T15:09:55,946  INFO PTMapper:338 
2025-10-21T15:09:55,946  INFO PTMapper:339     Artificial Links:
2025-10-21T15:09:55,947  INFO PTMapper:340        created  13
2025-10-21T15:09:55,947  INFO PTMapper:341     Stop Facilities:
2025-10-21T15:09:55,947  INFO PTMapper:342        total input   6
2025-10-21T15:09:55,947  INFO PTMapper:343        total output  6
2025-10-21T15:09:55,947  INFO PTMapper:344        diff.         0
2025-10-21T15:09:55,947  INFO PTMapper:345     Child Stop Facilities:
2025-10-21T15:09:55,947  INFO PTMapper:346        median nr created   1
2025-10-21T15:09:55,947  INFO PTMapper:347        average nr created  1.00
2025-10-21T15:09:55,947  INFO PTMapper:348        max nr created      1
2025-10-21T15:09:55,947  INFO PTMapper:349     Transit Routes:
2025-10-21T15:09:55,947  INFO PTMapper:350        total routes in schedule         4
2025-10-21T15:09:55,947  INFO PTMapper:351        routes without artificial links  0
2025-10-21T15:09:55,947  INFO PTMapper:352 
2025-10-21T15:09:55,948  INFO PTMapper:353     Run PlausibilityCheck for further analysis
2025-10-21T15:09:55,948  INFO PTMapper:354 
2025-10-21T15:09:55,948  INFO PTMapper:355 ==================================================
2025-10-21T15:09:55,948  INFO PublicTransitMapper:95 Writing schedule and network to file...
2025-10-21T15:09:55,948  INFO ScheduleTools:78 Writing transit schedule to file /var/folders/7r/2288hvdn1rq7lmxcl2729h7w0000gn/T/junit11221320545165250434/transitSchedule-mapped.xml.gz
2025-10-21T15:09:55,948  INFO TransitScheduleWriter:89 about to write transit schedule to: /var/folders/7r/2288hvdn1rq7lmxcl2729h7w0000gn/T/junit11221320545165250434/transitSchedule-mapped.xml.gz
2025-10-21T15:09:55,949  INFO ScheduleTools:80 done.
2025-10-21T15:09:55,949  INFO NetworkWriter:70 Writing network to file: /var/folders/7r/2288hvdn1rq7lmxcl2729h7w0000gn/T/junit11221320545165250434/network-mapped.xml.gz...
2025-10-21T15:09:55,951  INFO NetworkWriter:73 done.
2025-10-21T15:09:55,953  INFO Config:461 setting context to [file:/Users/ro9air/matsim-example-project/]
2025-10-21T15:09:55,954  INFO MatsimXmlParser:153 starting to parse xml from file /var/folders/7r/2288hvdn1rq7lmxcl2729h7w0000gn/T/junit11221320545165250434/transitSchedule-mapped.xml.gz ...
2025-10-21T15:09:55,954  INFO IOUtils:224 Resolved /var/folders/7r/2288hvdn1rq7lmxcl2729h7w0000gn/T/junit11221320545165250434/transitSchedule-mapped.xml.gz to /var/folders/7r/2288hvdn1rq7lmxcl2729h7w0000gn/T/junit11221320545165250434/transitSchedule-mapped.xml.gz
2025-10-21T15:09:55,954  INFO MatsimXmlParser:296 Trying to load http://www.matsim.org/files/dtd/transitSchedule_v2.dtd. In some cases (e.g. network interface up but no connection), this may take a bit.
2025-10-21T15:09:56,249  INFO AutoResetIdCaches:68 Resetting Id caches.
]]></system-out>
    <system-err><![CDATA[Error while parsing JAI registry file "file:/Users/ro9air/matsim-example-project/pt2matsim/work/pt2matsim-25.8-shaded.jar!/META-INF/registryFile.jai" :
Error in registry file at line number #31
A descriptor is already registered against the name "org.geotools.ColorReduction" under registry mode "rendered"
Error in registry file at line number #32
A descriptor is already registered against the name "org.geotools.ColorInversion" under registry mode "rendered"
2025-10-21T15:09:54,196  WARN MGC:179 Assuming that coordinates are in longitude first notation, i.e. (longitude, latitude).
2025-10-21T15:09:54,489  WARN MGC:179 Assuming that coordinates are in longitude first notation, i.e. (longitude, latitude).
2025-10-21T15:09:55,907  WARN PTMapper:78 The input network file set in PublicTransitMappingConfigGroup is ignored
2025-10-21T15:09:55,908  WARN PTMapper:81 The input schedule file set in PublicTransitMappingConfigGroup is ignored
2025-10-21T15:09:55,919  WARN LinkCandidateCreatorStandard:109 No transportModeAssignment found for schedule mode bus
2025-10-21T15:09:55,935  WARN SpeedyALTData:141 Network does not contain any nodes!
]]></system-err>
  </testcase>
  <testcase name="gtfsConversionProducesCorridorSchedule" classname="org.matsim.project.tools.CorridorPipelineTest" time="0.295">
    <system-out><![CDATA[2025-10-21T15:09:56,254  INFO GtfsFeedImpl:141 Loading GTFS files from /var/folders/7r/2288hvdn1rq7lmxcl2729h7w0000gn/T/junit5676926066795339048/bl_corridor/
2025-10-21T15:09:56,254  INFO GtfsFeedImpl:202 Loading agency.txt
2025-10-21T15:09:56,254  INFO GtfsFeedImpl:234 ...     agency.txt loaded
2025-10-21T15:09:56,254  INFO GtfsFeedImpl:247 Loading stops.txt
2025-10-21T15:09:56,255  INFO GtfsFeedImpl:304 ...     stops.txt loaded
2025-10-21T15:09:56,255  INFO GtfsFeedImpl:329 Loading calendar.txt
2025-10-21T15:09:56,255  INFO GtfsFeedImpl:364 ...     calendar.txt loaded
2025-10-21T15:09:56,256  INFO GtfsFeedImpl:378 Looking for calendar_dates.txt
2025-10-21T15:09:56,256  INFO GtfsFeedImpl:412 ...     no calendar dates file found.
2025-10-21T15:09:56,256  INFO GtfsFeedImpl:431 Looking for shapes.txt
2025-10-21T15:09:56,256  INFO GtfsFeedImpl:458 ...     no shapes file found.
2025-10-21T15:09:56,256  INFO GtfsFeedImpl:476 Loading routes.txt
2025-10-21T15:09:56,256  INFO GtfsFeedImpl:529 ...     routes.txt loaded
2025-10-21T15:09:56,256  INFO GtfsFeedImpl:545 Loading trips.txt
2025-10-21T15:09:56,257  INFO GtfsFeedImpl:591 ...     trips.txt loaded
2025-10-21T15:09:56,257  INFO GtfsFeedImpl:604 Loading stop_times.txt
2025-10-21T15:09:56,257  INFO GtfsFeedImpl:678 ...     stop_times.txt loaded
2025-10-21T15:09:56,257  INFO GtfsFeedImpl:689 Looking for frequencies.txt
2025-10-21T15:09:56,258  INFO GtfsFeedImpl:726 ...     no frequencies file found
2025-10-21T15:09:56,258  INFO GtfsFeedImpl:737 Looking for transfers.txt
2025-10-21T15:09:56,258  INFO GtfsFeedImpl:772 ...     no transfers file found
2025-10-21T15:09:56,258  INFO GtfsFeedImpl:175 All files loaded
2025-10-21T15:09:56,258  INFO Config:461 setting context to [file:/Users/ro9air/matsim-example-project/]
2025-10-21T15:09:56,259  INFO Config:461 setting context to [file:/Users/ro9air/matsim-example-project/]
2025-10-21T15:09:56,260  INFO GtfsConverter:102 #####################################
2025-10-21T15:09:56,260  INFO GtfsConverter:103 Converting to MATSim transit schedule
2025-10-21T15:09:56,261  INFO GtfsConverter:390     Using service IDs of the day with the most trips (dayWithMostTrips).
2025-10-21T15:09:56,261  INFO GtfsConverter:110     Extracting schedule from date 2025-01-01
2025-10-21T15:09:56,262  INFO GtfsConverter:191     Creating TransitLines from routes and TransitRoutes from trips...
2025-10-21T15:09:56,262  INFO ScheduleCleaner:321 Combining TransitRoutes with equal stop sequence and arrival/departure offsets...
2025-10-21T15:09:56,262  INFO ScheduleCleaner:352 ... Combined 0 transit routes
2025-10-21T15:09:56,262  INFO ScheduleCleaner:89 ... Removing not used stop facilities
2025-10-21T15:09:56,262  INFO ScheduleCleaner:117    0 stop facilities removed
2025-10-21T15:09:56,262  INFO ScheduleCleaner:126 ... Removing not used minimal transfer times
2025-10-21T15:09:56,262  INFO ScheduleCleaner:142     0 not used minimal transfer times facilities removed
2025-10-21T15:09:56,263  INFO Counter:70 [VehiclesImpl] added vehicle # 1
2025-10-21T15:09:56,263  INFO Counter:70 [VehiclesImpl] added vehicle # 2
2025-10-21T15:09:56,263  INFO Counter:70 [VehiclesImpl] added vehicle # 4
2025-10-21T15:09:56,263  INFO GtfsConverter:140     Created 4 routes on 2 lines.
2025-10-21T15:09:56,263  INFO GtfsConverter:141     Day 2025-01-01
2025-10-21T15:09:56,263  INFO GtfsConverter:142 ... GTFS converted to an unmapped MATSIM Transit Schedule
2025-10-21T15:09:56,263  INFO GtfsConverter:143 #########################################################
2025-10-21T15:09:56,263  INFO ScheduleTools:78 Writing transit schedule to file /var/folders/7r/2288hvdn1rq7lmxcl2729h7w0000gn/T/junit5676926066795339048/transitSchedule-unmapped.xml.gz
2025-10-21T15:09:56,263  INFO TransitScheduleWriter:89 about to write transit schedule to: /var/folders/7r/2288hvdn1rq7lmxcl2729h7w0000gn/T/junit5676926066795339048/transitSchedule-unmapped.xml.gz
2025-10-21T15:09:56,264  INFO ScheduleTools:80 done.
2025-10-21T15:09:56,264  INFO ScheduleTools:521 Writing vehicles to file /var/folders/7r/2288hvdn1rq7lmxcl2729h7w0000gn/T/junit5676926066795339048/transitVehicles.xml.gz
2025-10-21T15:09:56,264  INFO MatsimVehicleWriter:49 about to write vehicles to: /var/folders/7r/2288hvdn1rq7lmxcl2729h7w0000gn/T/junit5676926066795339048/transitVehicles.xml.gz
2025-10-21T15:09:56,264  INFO VehicleWriterV2:64 about to write vehicles to: /var/folders/7r/2288hvdn1rq7lmxcl2729h7w0000gn/T/junit5676926066795339048/transitVehicles.xml.gz
2025-10-21T15:09:56,265  INFO Config:461 setting context to [file:/Users/ro9air/matsim-example-project/]
2025-10-21T15:09:56,266  INFO MatsimXmlParser:153 starting to parse xml from file /var/folders/7r/2288hvdn1rq7lmxcl2729h7w0000gn/T/junit5676926066795339048/transitSchedule-unmapped.xml.gz ...
2025-10-21T15:09:56,266  INFO IOUtils:224 Resolved /var/folders/7r/2288hvdn1rq7lmxcl2729h7w0000gn/T/junit5676926066795339048/transitSchedule-unmapped.xml.gz to /var/folders/7r/2288hvdn1rq7lmxcl2729h7w0000gn/T/junit5676926066795339048/transitSchedule-unmapped.xml.gz
2025-10-21T15:09:56,267  INFO MatsimXmlParser:296 Trying to load http://www.matsim.org/files/dtd/transitSchedule_v2.dtd. In some cases (e.g. network interface up but no connection), this may take a bit.
2025-10-21T15:09:56,545  INFO AutoResetIdCaches:68 Resetting Id caches.
]]></system-out>
    <system-err><![CDATA[2025-10-21T15:09:56,260  WARN MGC:179 Assuming that coordinates are in longitude first notation, i.e. (longitude, latitude).
2025-10-21T15:09:56,261  WARN MGC:179 Assuming that coordinates are in longitude first notation, i.e. (longitude, latitude).
]]></system-err>
  </testcase>
</testsuite>