<?xml version="1.0" encoding="UTF-8"?>
<testsuite xmlns:xsi="http://www.w3.org/2001/XMLSchema-instance" xsi:noNamespaceSchemaLocation="https://maven.apache.org/surefire/maven-surefire-plugin/xsd/surefire-test-report.xsd" version="3.0.2" name="org.matsim.project.RunMatsimTest" time="9.257" tests="1" errors="0" skipped="0" failures="0">
  <properties>
[...]
</properties>
  <testcase name="test" classname="org.matsim.project.RunMatsimTest" time="9.252">
    <system-out><![CDATA[2025-11-04T16:28:48,663  INFO Config:461 setting context to [file:/Users/ro9air/matsim-example-project/]
2025-11-04T16:28:48,664  INFO MatsimXmlParser:170 starting to parse xml from url jar:file:/Users/ro9air/.m2/repository/org/matsim/matsim-examples/2025.0/matsim-examples-2025.0.jar!/test/scenarios/equil/config.xml ...
2025-11-04T16:28:48,664  INFO ConfigReader:105 using config_v2-reader
2025-11-04T16:28:48,664  INFO MatsimXmlParser:296 Trying to load http://www.matsim.org/files/dtd/config_v2.dtd. In some cases (e.g. network interface up but no connection), this may take a bit.
2025-11-04T16:28:48,995  INFO ScoringConfigGroup:555 scoring parameters for subpopulation null were just replaced.
2025-11-04T16:28:48,996  INFO Config:461 setting context to [jar:file:/Users/ro9air/.m2/repository/org/matsim/matsim-examples/2025.0/matsim-examples-2025.0.jar!/test/scenarios/equil/config.xml]
2025-11-04T16:28:48,998  INFO CommandLine:511 Received 0 positional command line arguments:
2025-11-04T16:28:48,998  INFO CommandLine:512    
2025-11-04T16:28:48,999  INFO CommandLine:534 Received 2 command line options with 1 prefixes:
2025-11-04T16:28:48,999  INFO CommandLine:546    Prefix config:
2025-11-04T16:28:48,999  INFO CommandLine:549       controller.outputDirectory = test/output/org/matsim/project/RunMatsimTest/test/
2025-11-04T16:28:48,999  INFO CommandLine:549       controller.lastIteration = 1
2025-11-04T16:28:49,002  INFO CommandLine:647 Setting config:controller.outputDirectory to test/output/org/matsim/project/RunMatsimTest/test/
2025-11-04T16:28:49,003  INFO CommandLine:647 Setting config:controller.lastIteration to 1
2025-11-04T16:28:49,004  INFO ScenarioLoaderImpl:135 loading network from jar:file:/Users/ro9air/.m2/repository/org/matsim/matsim-examples/2025.0/matsim-examples-2025.0.jar!/test/scenarios/equil/network.xml
2025-11-04T16:28:49,004  INFO MatsimXmlParser:170 starting to parse xml from url jar:file:/Users/ro9air/.m2/repository/org/matsim/matsim-examples/2025.0/matsim-examples-2025.0.jar!/test/scenarios/equil/network.xml ...
2025-11-04T16:28:49,005  INFO MatsimNetworkReader:117 using network_v1-reader.
2025-11-04T16:28:49,005  INFO MatsimXmlParser:296 Trying to load http://www.matsim.org/files/dtd/network_v1.dtd. In some cases (e.g. network interface up but no connection), this may take a bit.
2025-11-04T16:28:49,284  INFO NetworkImpl:165  node # 1
2025-11-04T16:28:49,284  INFO NetworkImpl:165  node # 4
2025-11-04T16:28:49,285  INFO NetworkImpl:161  link # 1
2025-11-04T16:28:49,285  INFO NetworkImpl:161  link # 4
2025-11-04T16:28:49,285  INFO NetworkImpl:161  link # 16
2025-11-04T16:28:49,286  INFO ScenarioLoaderImpl:160 loading facilities from jar:file:/Users/ro9air/.m2/repository/org/matsim/matsim-examples/2025.0/matsim-examples-2025.0.jar!/test/scenarios/equil/facilities.xml
2025-11-04T16:28:49,287  INFO MatsimXmlParser:170 starting to parse xml from url jar:file:/Users/ro9air/.m2/repository/org/matsim/matsim-examples/2025.0/matsim-examples-2025.0.jar!/test/scenarios/equil/facilities.xml ...
2025-11-04T16:28:49,288  INFO MatsimFacilitiesReader:139 using facilities_v1-reader.
2025-11-04T16:28:49,288  INFO MatsimXmlParser:296 Trying to load http://www.matsim.org/files/dtd/facilities_v1.dtd. In some cases (e.g. network interface up but no connection), this may take a bit.
2025-11-04T16:28:49,564  INFO ScenarioLoaderImpl:169 loaded 23 facilities from jar:file:/Users/ro9air/.m2/repository/org/matsim/matsim-examples/2025.0/matsim-examples-2025.0.jar!/test/scenarios/equil/facilities.xml
2025-11-04T16:28:49,564  INFO ScenarioLoaderImpl:188 no facility-attributes file set in config, not loading any facility attributes
2025-11-04T16:28:49,565  INFO ScenarioLoaderImpl:196 loading population from jar:file:/Users/ro9air/.m2/repository/org/matsim/matsim-examples/2025.0/matsim-examples-2025.0.jar!/test/scenarios/equil/plans100.xml
2025-11-04T16:28:49,569  INFO MatsimXmlParser:170 starting to parse xml from url jar:file:/Users/ro9air/.m2/repository/org/matsim/matsim-examples/2025.0/matsim-examples-2025.0.jar!/test/scenarios/equil/plans100.xml ...
2025-11-04T16:28:49,570  INFO PopulationReader:150 using plans_v4-reader.
2025-11-04T16:28:49,570  INFO MatsimXmlParser:296 Trying to load http://www.matsim.org/files/dtd/plans_v4.dtd. In some cases (e.g. network interface up but no connection), this may take a bit.
2025-11-04T16:28:49,911  INFO ParallelPopulationReaderMatsimV4:167 Start parallel population reading...
2025-11-04T16:28:49,915  INFO PopulationImpl:111  person # 1
2025-11-04T16:28:49,917  INFO PopulationImpl:111  person # 4
2025-11-04T16:28:49,919  INFO PopulationImpl:111  person # 16
2025-11-04T16:28:49,926  INFO PopulationImpl:111  person # 64
2025-11-04T16:28:49,928  INFO ParallelPopulationReaderMatsimV4:202 Finished parallel population reading...
2025-11-04T16:28:49,929  INFO PopulationUtils:1145  person # 100
2025-11-04T16:28:49,929  INFO ScenarioLoaderImpl:244 no person-attributes file set in config, not loading any person attributes
2025-11-04T16:28:49,929  INFO ScenarioLoaderImpl:258 no households file set in config, not loading households
2025-11-04T16:28:49,929  INFO ScenarioLoaderImpl:292 no transit schedule file set in config, not loading any transit schedule
2025-11-04T16:28:49,929  INFO ScenarioLoaderImpl:333 no transit vehicles file set in config, not loading any transit vehicles
2025-11-04T16:28:49,936  INFO VspConfigConsistencyCheckerImpl:62 NOT running vsp config consistency check because vsp defaults checking level is set to IGNORE
2025-11-04T16:28:50,860  INFO SimStepParallelEventsManagerImpl:83 number of threads=1
2025-11-04T16:28:50,863  INFO EventsManagerImpl:139 === Logging of event-handlers skipped ===
2025-11-04T16:28:50,863  INFO EventsManagerImpl:140 To enable debug output, set an environment variable i.e. export LOG_LEVEL='debug', or set log.setLogLevel(Level.DEBUG) in your run class.
2025-11-04T16:28:50,863  INFO EventsManagerImpl:210     > org.matsim.api.core.v01.events.LinkEnterEvent
2025-11-04T16:28:50,864  INFO EventsManagerImpl:210     > org.matsim.api.core.v01.events.LinkLeaveEvent
2025-11-04T16:28:50,864  INFO EventsManagerImpl:210     > org.matsim.api.core.v01.events.VehicleEntersTrafficEvent
2025-11-04T16:28:50,864  INFO EventsManagerImpl:210     > org.matsim.api.core.v01.events.VehicleLeavesTrafficEvent
2025-11-04T16:28:50,864  INFO EventsManagerImpl:210     > org.matsim.core.api.experimental.events.VehicleArrivesAtFacilityEvent
2025-11-04T16:28:50,864  INFO EventsManagerImpl:210     > org.matsim.api.core.v01.events.VehicleAbortsEvent
2025-11-04T16:28:50,865  INFO EventsManagerImpl:139 === Logging of event-handlers skipped ===
2025-11-04T16:28:50,865  INFO EventsManagerImpl:140 To enable debug output, set an environment variable i.e. export LOG_LEVEL='debug', or set log.setLogLevel(Level.DEBUG) in your run class.
2025-11-04T16:28:50,865  INFO EventsManagerImpl:210     > org.matsim.api.core.v01.events.LinkEnterEvent
2025-11-04T16:28:50,865  INFO EventsManagerImpl:210     > org.matsim.api.core.v01.events.LinkLeaveEvent
2025-11-04T16:28:50,865  INFO EventsManagerImpl:210     > org.matsim.api.core.v01.events.VehicleEntersTrafficEvent
2025-11-04T16:28:50,865  INFO EventsManagerImpl:210     > org.matsim.api.core.v01.events.VehicleLeavesTrafficEvent
2025-11-04T16:28:50,865  INFO EventsManagerImpl:210     > org.matsim.core.api.experimental.events.VehicleArrivesAtFacilityEvent
2025-11-04T16:28:50,865  INFO EventsManagerImpl:210     > org.matsim.api.core.v01.events.VehicleAbortsEvent
2025-11-04T16:28:50,872  INFO StrategyManager:77 global innovation switch off after iteration: 2147483647
2025-11-04T16:28:50,874  INFO GenericStrategyManagerImpl:332 added change request:  iteration=-2147483648 newWeight=0.0 strategy=RandomPlanSelector_ReRoute
2025-11-04T16:28:50,874  INFO GenericStrategyManagerImpl:364 setting PlanSelectorForRemoval to class org.matsim.core.replanning.selectors.WorstPlanForRemovalSelector
2025-11-04T16:28:50,876  INFO EventsManagerImpl:139 === Logging of event-handlers skipped ===
2025-11-04T16:28:50,876  INFO EventsManagerImpl:140 To enable debug output, set an environment variable i.e. export LOG_LEVEL='debug', or set log.setLogLevel(Level.DEBUG) in your run class.
2025-11-04T16:28:50,876  INFO EventsManagerImpl:210     > org.matsim.api.core.v01.events.Event
2025-11-04T16:28:50,876  INFO EventsManagerImpl:139 === Logging of event-handlers skipped ===
2025-11-04T16:28:50,876  INFO EventsManagerImpl:140 To enable debug output, set an environment variable i.e. export LOG_LEVEL='debug', or set log.setLogLevel(Level.DEBUG) in your run class.
2025-11-04T16:28:50,876  INFO EventsManagerImpl:210     > org.matsim.api.core.v01.events.Event
2025-11-04T16:28:51,049  INFO CalcLinkStats:151  resetting `count' to zero.  This info is here since we want to check when this is happening during normal simulation runs.  kai, jan'11
2025-11-04T16:28:51,052  INFO EventsManagerImpl:139 === Logging of event-handlers skipped ===
2025-11-04T16:28:51,052  INFO EventsManagerImpl:140 To enable debug output, set an environment variable i.e. export LOG_LEVEL='debug', or set log.setLogLevel(Level.DEBUG) in your run class.
2025-11-04T16:28:51,052  INFO EventsManagerImpl:210     > org.matsim.api.core.v01.events.LinkLeaveEvent
2025-11-04T16:28:51,052  INFO EventsManagerImpl:210     > org.matsim.api.core.v01.events.VehicleEntersTrafficEvent
2025-11-04T16:28:51,052  INFO EventsManagerImpl:139 === Logging of event-handlers skipped ===
2025-11-04T16:28:51,052  INFO EventsManagerImpl:140 To enable debug output, set an environment variable i.e. export LOG_LEVEL='debug', or set log.setLogLevel(Level.DEBUG) in your run class.
2025-11-04T16:28:51,052  INFO EventsManagerImpl:210     > org.matsim.api.core.v01.events.LinkLeaveEvent
2025-11-04T16:28:51,052  INFO EventsManagerImpl:210     > org.matsim.api.core.v01.events.VehicleEntersTrafficEvent
2025-11-04T16:28:51,053  INFO EventsManagerImpl:139 === Logging of event-handlers skipped ===
2025-11-04T16:28:51,053  INFO EventsManagerImpl:140 To enable debug output, set an environment variable i.e. export LOG_LEVEL='debug', or set log.setLogLevel(Level.DEBUG) in your run class.
2025-11-04T16:28:51,053  INFO EventsManagerImpl:210     > org.matsim.api.core.v01.events.PersonDepartureEvent
2025-11-04T16:28:51,053  INFO EventsManagerImpl:210     > org.matsim.api.core.v01.events.PersonArrivalEvent
2025-11-04T16:28:51,053  INFO EventsManagerImpl:210     > org.matsim.api.core.v01.events.PersonStuckEvent
2025-11-04T16:28:51,053  INFO EventsManagerImpl:139 === Logging of event-handlers skipped ===
2025-11-04T16:28:51,053  INFO EventsManagerImpl:140 To enable debug output, set an environment variable i.e. export LOG_LEVEL='debug', or set log.setLogLevel(Level.DEBUG) in your run class.
2025-11-04T16:28:51,054  INFO EventsManagerImpl:210     > org.matsim.api.core.v01.events.PersonDepartureEvent
2025-11-04T16:28:51,054  INFO EventsManagerImpl:210     > org.matsim.api.core.v01.events.PersonArrivalEvent
2025-11-04T16:28:51,054  INFO EventsManagerImpl:210     > org.matsim.api.core.v01.events.PersonStuckEvent
2025-11-04T16:28:51,070  INFO AbstractController:57 Used Controler-Class: org.matsim.core.controler.NewControler
2025-11-04T16:28:51,071  INFO Config:421 ConfigConsistencyChecker with runtime type=class org.matsim.core.config.consistency.ConfigConsistencyCheckerImpl was already added; not adding it a second time
2025-11-04T16:28:51,071  INFO Injector:81 === printInjector output skipped ===
2025-11-04T16:28:51,072  INFO Injector:82 To enable debug output, set an environment variable i.e. export LOG_LEVEL='debug', or set log.setLogLevel(Level.DEBUG) in your run class.
2025-11-04T16:28:51,096  INFO Gbl:64 JVM: 21.0.8; Eclipse Adoptium; mixed mode, sharing; 64-bit
2025-11-04T16:28:51,096  INFO Gbl:68 OS: Mac OS X; 15.7.1; aarch64
2025-11-04T16:28:51,096  INFO Gbl:71 CPU cores: 8
2025-11-04T16:28:51,097  INFO Gbl:72 max. Memory: 4096.0MB (4294967296B)
2025-11-04T16:28:51,097  INFO Gbl:114 MATSim-Build: r7f2ea0d07d20e164b577066595eddc23e3659473 ({2025-04-11 08:55:36})
2025-11-04T16:28:51,097  INFO Gbl:76 Command: /Users/ro9air/matsim-example-project/target/surefire/surefirebooter-20251104162841739_3.jar /Users/ro9air/matsim-example-project/target/surefire 2025-11-04T16-28-41_677-jvmRun1 surefire-20251104162841739_1tmp surefire_0-20251104162841739_2tmp
2025-11-04T16:28:51,101  INFO ControlerListenerManagerImpl:112 calling notifyStartup on org.matsim.core.controler.ControlerDefaultsModule$1 with priority 0.0
2025-11-04T16:28:51,102  INFO MemoryObserver:42 used RAM: 128 MB  free: 25 MB  total: 154 MB
2025-11-04T16:28:51,176  INFO ControlerListenerManagerImpl:112 calling notifyStartup on org.matsim.guice.DependencyGraphControlerListener with priority 0.0
2025-11-04T16:28:51,433  INFO ControlerListenerManagerImpl:112 calling notifyStartup on org.matsim.counts.CountsControlerListener with priority 0.0
2025-11-04T16:28:51,434  INFO ControlerListenerManagerImpl:112 calling notifyStartup on org.matsim.analysis.ModeChoiceCoverageControlerListener with priority 0.0
2025-11-04T16:28:51,434  INFO ControlerListenerManagerImpl:112 calling notifyStartup on org.matsim.analysis.ModeStatsControlerListener with priority 0.0
2025-11-04T16:28:51,434  INFO ControlerListenerManagerImpl:112 calling notifyStartup on org.matsim.analysis.ScoreStatsControlerListener with priority 0.0
2025-11-04T16:28:51,435  INFO ControlerListenerManagerImpl:115 all ControlerStartupListeners called.
2025-11-04T16:28:51,435  INFO ControllerUtils:99 config dump before iterations start
2025-11-04T16:28:51,449  INFO ControllerUtils:105 === logging config.xml skipped ===
2025-11-04T16:28:51,450  INFO ControllerUtils:106 To enable debug output, set an environment variable i.e. export LOG_LEVEL='debug', or set log.setLogLevel(Level.DEBUG) in your run class.
2025-11-04T16:28:51,450  INFO ControllerUtils:110 Complete config dump done.
2025-11-04T16:28:51,451  INFO ControllerUtils:111 Checking consistency of config...
2025-11-04T16:28:51,452  INFO VspConfigConsistencyCheckerImpl:62 NOT running vsp config consistency check because vsp defaults checking level is set to IGNORE
2025-11-04T16:28:51,466  INFO ControllerUtils:113 Checking consistency of config done.
2025-11-04T16:28:51,468  INFO NetworkImpl:419 building QuadTree for nodes: xrange(-20001.0,5001.0); yrange(-10001.0,5926.0)
2025-11-04T16:28:51,468  INFO NetworkImpl:428 Building QuadTree took 0.0 seconds.
2025-11-04T16:28:51,471  INFO Counter:70 [VehiclesImpl] added vehicle # 1
2025-11-04T16:28:51,471  INFO Counter:70 [VehiclesImpl] added vehicle # 2
2025-11-04T16:28:51,471  INFO Counter:70 [VehiclesImpl] added vehicle # 4
2025-11-04T16:28:51,471  INFO Counter:70 [VehiclesImpl] added vehicle # 8
2025-11-04T16:28:51,471  INFO Counter:70 [VehiclesImpl] added vehicle # 16
2025-11-04T16:28:51,471  INFO Counter:70 [VehiclesImpl] added vehicle # 32
2025-11-04T16:28:51,471  INFO Counter:70 [VehiclesImpl] added vehicle # 64
2025-11-04T16:28:51,475  INFO SpeedyALTData:51 find dead ends...
2025-11-04T16:28:51,476  INFO SpeedyALTData:132 calculate landmarks...
2025-11-04T16:28:51,482  INFO SpeedyALTData:173 calculate min travelcost...
2025-11-04T16:28:51,483  INFO NetworkImpl:165  node # 1
2025-11-04T16:28:51,484  INFO NetworkImpl:165  node # 4
2025-11-04T16:28:51,484  INFO NetworkImpl:161  link # 1
2025-11-04T16:28:51,484  INFO NetworkImpl:161  link # 4
2025-11-04T16:28:51,485  INFO NetworkImpl:161  link # 16
2025-11-04T16:28:51,487  INFO NetworkRoutingProvider:151 Checking network for mode 'car' for consistency...
2025-11-04T16:28:51,490  INFO MultimodalNetworkCleaner:104 running org.matsim.core.network.algorithms.MultimodalNetworkCleaner algorithm for modes [car] with connectivity modes []...
2025-11-04T16:28:51,490  INFO MultimodalNetworkCleaner:108   checking 15 nodes and 23 links for dead-ends...
2025-11-04T16:28:51,491  INFO MultimodalNetworkCleaner:126     The biggest cluster consists of 23 links.
2025-11-04T16:28:51,491  INFO MultimodalNetworkCleaner:127   done.
2025-11-04T16:28:51,492  INFO MultimodalNetworkCleaner:151   resulting network contains 15 nodes and 23 links.
2025-11-04T16:28:51,492  INFO MultimodalNetworkCleaner:153 done.
2025-11-04T16:28:51,494  INFO RandomizingTimeDistanceTravelDisutilityFactory:86  sigma: 3.0; resulting normalization: 0.011108996538242306
2025-11-04T16:28:51,495  INFO SpeedyALTData:51 find dead ends...
2025-11-04T16:28:51,495  INFO SpeedyALTData:132 calculate landmarks...
2025-11-04T16:28:51,496  INFO SpeedyALTData:173 calculate min travelcost...
2025-11-04T16:28:51,497  INFO SpeedyALTData:51 find dead ends...
2025-11-04T16:28:51,497  INFO SpeedyALTData:132 calculate landmarks...
2025-11-04T16:28:51,498  INFO SpeedyALTData:173 calculate min travelcost...
2025-11-04T16:28:51,499  INFO RandomizingTimeDistanceTravelDisutilityFactory:86  sigma: 3.0; resulting normalization: 0.011108996538242306
2025-11-04T16:28:51,508  INFO Counter:70 [PersonPrepareForSim] handled person # 2
2025-11-04T16:28:51,508  INFO Counter:70 [PersonPrepareForSim] handled person # 1
2025-11-04T16:28:51,508  INFO Counter:70 [PersonPrepareForSim] handled person # 4
2025-11-04T16:28:51,509  INFO Counter:70 [PersonPrepareForSim] handled person # 8
2025-11-04T16:28:51,509  INFO Counter:70 [PersonPrepareForSim] handled person # 16
2025-11-04T16:28:51,509  INFO Counter:70 [PersonPrepareForSim] handled person # 32
2025-11-04T16:28:51,511  INFO Counter:70 [PersonPrepareForSim] handled person # 64
2025-11-04T16:28:51,532  INFO Counter:75 [PersonPrepareForSim] handled person # 100
2025-11-04T16:28:51,532  INFO AbstractController:136 ###################################################
2025-11-04T16:28:51,532  INFO AbstractController:137 ### ITERATION 0 BEGINS
2025-11-04T16:28:51,533  INFO ControlerListenerManagerImpl:156 calling notifyIterationStarts on org.matsim.analysis.LegTimesControlerListener with priority 0.0
2025-11-04T16:28:51,535  INFO EventsManagerImpl:139 === Logging of event-handlers skipped ===
2025-11-04T16:28:51,535  INFO EventsManagerImpl:140 To enable debug output, set an environment variable i.e. export LOG_LEVEL='debug', or set log.setLogLevel(Level.DEBUG) in your run class.
2025-11-04T16:28:51,535  INFO EventsManagerImpl:210     > org.matsim.api.core.v01.events.PersonDepartureEvent
2025-11-04T16:28:51,535  INFO EventsManagerImpl:210     > org.matsim.api.core.v01.events.PersonArrivalEvent
2025-11-04T16:28:51,535  INFO EventsManagerImpl:210     > org.matsim.api.core.v01.events.ActivityEndEvent
2025-11-04T16:28:51,535  INFO EventsManagerImpl:210     > org.matsim.api.core.v01.events.ActivityStartEvent
2025-11-04T16:28:51,535  INFO EventsManagerImpl:139 === Logging of event-handlers skipped ===
2025-11-04T16:28:51,535  INFO EventsManagerImpl:140 To enable debug output, set an environment variable i.e. export LOG_LEVEL='debug', or set log.setLogLevel(Level.DEBUG) in your run class.
2025-11-04T16:28:51,535  INFO EventsManagerImpl:210     > org.matsim.api.core.v01.events.PersonDepartureEvent
2025-11-04T16:28:51,535  INFO EventsManagerImpl:210     > org.matsim.api.core.v01.events.PersonArrivalEvent
2025-11-04T16:28:51,535  INFO EventsManagerImpl:210     > org.matsim.api.core.v01.events.ActivityEndEvent
2025-11-04T16:28:51,535  INFO EventsManagerImpl:210     > org.matsim.api.core.v01.events.ActivityStartEvent
2025-11-04T16:28:51,535  INFO ControlerListenerManagerImpl:156 calling notifyIterationStarts on org.matsim.analysis.LegHistogramListener with priority 0.0
2025-11-04T16:28:51,536  INFO EventsManagerImpl:139 === Logging of event-handlers skipped ===
2025-11-04T16:28:51,536  INFO EventsManagerImpl:140 To enable debug output, set an environment variable i.e. export LOG_LEVEL='debug', or set log.setLogLevel(Level.DEBUG) in your run class.
2025-11-04T16:28:51,536  INFO EventsManagerImpl:210     > org.matsim.api.core.v01.events.PersonDepartureEvent
2025-11-04T16:28:51,536  INFO EventsManagerImpl:210     > org.matsim.api.core.v01.events.PersonArrivalEvent
2025-11-04T16:28:51,536  INFO EventsManagerImpl:210     > org.matsim.api.core.v01.events.PersonStuckEvent
2025-11-04T16:28:51,536  INFO EventsManagerImpl:139 === Logging of event-handlers skipped ===
2025-11-04T16:28:51,536  INFO EventsManagerImpl:140 To enable debug output, set an environment variable i.e. export LOG_LEVEL='debug', or set log.setLogLevel(Level.DEBUG) in your run class.
2025-11-04T16:28:51,536  INFO EventsManagerImpl:210     > org.matsim.api.core.v01.events.PersonDepartureEvent
2025-11-04T16:28:51,536  INFO EventsManagerImpl:210     > org.matsim.api.core.v01.events.PersonArrivalEvent
2025-11-04T16:28:51,536  INFO EventsManagerImpl:210     > org.matsim.api.core.v01.events.PersonStuckEvent
2025-11-04T16:28:51,536  INFO ControlerListenerManagerImpl:156 calling notifyIterationStarts on org.matsim.analysis.LinkStatsControlerListener with priority 0.0
2025-11-04T16:28:51,536  INFO ControlerListenerManagerImpl:156 calling notifyIterationStarts on org.matsim.core.replanning.ReplanningContextImpl with priority 0.0
2025-11-04T16:28:51,536  INFO ControlerListenerManagerImpl:156 calling notifyIterationStarts on org.matsim.core.scoring.ScoringFunctionsForPopulation$$Lambda/0x0000000501573b38 with priority 0.0
2025-11-04T16:28:51,546  INFO ControlerListenerManagerImpl:156 calling notifyIterationStarts on org.matsim.core.scoring.ExperiencedPlansServiceImpl$1 with priority 0.0
2025-11-04T16:28:51,546  INFO ControlerListenerManagerImpl:159 [it.0] all ControlerIterationStartsListeners called.
2025-11-04T16:28:51,546  INFO ControlerListenerManagerImpl:242 calling notifyBeforeMobsim on org.matsim.core.controler.corelisteners.EventsHandlingImpl with priority 0.0
2025-11-04T16:28:51,547  INFO EventsManagerImpl:173 resetting Event-Handlers
2025-11-04T16:28:51,547  INFO EventsManagerImpl:180   org.matsim.core.trafficmonitoring.TravelTimeCalculator
2025-11-04T16:28:51,547  INFO EventsManagerImpl:180   org.matsim.analysis.VolumesAnalyzer
2025-11-04T16:28:51,547  INFO EventsManagerImpl:180   org.matsim.core.scoring.ScoringFunctionsForPopulation
2025-11-04T16:28:51,547  INFO EventsManagerImpl:180   org.matsim.analysis.LegHistogram
2025-11-04T16:28:51,547  INFO EventsManagerImpl:180   org.matsim.analysis.CalcLegTimes
2025-11-04T16:28:51,548  INFO EventsManagerImpl:139 === Logging of event-handlers skipped ===
2025-11-04T16:28:51,548  INFO EventsManagerImpl:140 To enable debug output, set an environment variable i.e. export LOG_LEVEL='debug', or set log.setLogLevel(Level.DEBUG) in your run class.
2025-11-04T16:28:51,548  INFO EventsManagerImpl:210     > org.matsim.api.core.v01.events.Event
2025-11-04T16:28:51,548  INFO EventsManagerImpl:139 === Logging of event-handlers skipped ===
2025-11-04T16:28:51,548  INFO EventsManagerImpl:140 To enable debug output, set an environment variable i.e. export LOG_LEVEL='debug', or set log.setLogLevel(Level.DEBUG) in your run class.
2025-11-04T16:28:51,548  INFO EventsManagerImpl:210     > org.matsim.api.core.v01.events.Event
2025-11-04T16:28:51,548  INFO ControlerListenerManagerImpl:242 calling notifyBeforeMobsim on org.matsim.core.controler.corelisteners.PlansDumpingImpl with priority 0.0
2025-11-04T16:28:51,548  INFO PlansDumpingImpl:77 dumping plans...
2025-11-04T16:28:51,553  INFO Counter:70 [PopulationWriter] dumped person # 1
2025-11-04T16:28:51,554  INFO Counter:70 [PopulationWriter] dumped person # 2
2025-11-04T16:28:51,554  INFO Counter:70 [PopulationWriter] dumped person # 4
2025-11-04T16:28:51,554  INFO Counter:70 [PopulationWriter] dumped person # 8
2025-11-04T16:28:51,554  INFO Counter:70 [PopulationWriter] dumped person # 16
2025-11-04T16:28:51,554  INFO Counter:70 [PopulationWriter] dumped person # 32
2025-11-04T16:28:51,554  INFO Counter:70 [PopulationWriter] dumped person # 64
2025-11-04T16:28:51,560  INFO Counter:70 [ParallelPopulationWriterV6] dumped person # 1
2025-11-04T16:28:51,561  INFO Counter:70 [ParallelPopulationWriterV6] dumped person # 2
2025-11-04T16:28:51,561  INFO Counter:70 [ParallelPopulationWriterV6] dumped person # 4
2025-11-04T16:28:51,561  INFO Counter:70 [ParallelPopulationWriterV6] dumped person # 8
2025-11-04T16:28:51,562  INFO Counter:70 [ParallelPopulationWriterV6] dumped person # 16
2025-11-04T16:28:51,562  INFO Counter:70 [ParallelPopulationWriterV6] dumped person # 32
2025-11-04T16:28:51,563  INFO Counter:70 [ParallelPopulationWriterV6] dumped person # 64
2025-11-04T16:28:51,564  INFO Counter:75 [ParallelPopulationWriterV6] dumped person # 100
2025-11-04T16:28:51,564  INFO PopulationWriter:150 Population written to: test/output/org/matsim/project/RunMatsimTest/test/ITERS/it.0/0.plans.xml.gz
2025-11-04T16:28:51,565  INFO Counter:75 [PopulationWriter] dumped person # 100
2025-11-04T16:28:51,565  INFO PlansDumpingImpl:94 finished plans dump.
2025-11-04T16:28:51,566  INFO ControlerListenerManagerImpl:248 calling notifyBeforeMobsim on org.matsim.core.population.VspPlansCleaner with priority 0.0
2025-11-04T16:28:51,566  INFO ControlerListenerManagerImpl:251 [it.0] all ControlerBeforeMobsimListeners called.
2025-11-04T16:28:51,567  INFO RandomizingTimeDistanceTravelDisutilityFactory:86  sigma: 3.0; resulting normalization: 0.011108996538242306
2025-11-04T16:28:51,567  INFO RandomizingTimeDistanceTravelDisutilityFactory:86  sigma: 3.0; resulting normalization: 0.011108996538242306
2025-11-04T16:28:51,568  INFO Counter:70 [PersonPrepareForSim] handled person # 2
2025-11-04T16:28:51,568  INFO Counter:70 [PersonPrepareForSim] handled person # 1
2025-11-04T16:28:51,568  INFO Counter:70 [PersonPrepareForSim] handled person # 4
2025-11-04T16:28:51,568  INFO Counter:70 [PersonPrepareForSim] handled person # 8
2025-11-04T16:28:51,569  INFO Counter:70 [PersonPrepareForSim] handled person # 16
2025-11-04T16:28:51,569  INFO Counter:70 [PersonPrepareForSim] handled person # 32
2025-11-04T16:28:51,569  INFO Counter:70 [PersonPrepareForSim] handled person # 64
2025-11-04T16:28:51,570  INFO Counter:75 [PersonPrepareForSim] handled person # 100
2025-11-04T16:28:51,672  INFO MobsimListenerManager:50 calling addQueueSimulationListener
2025-11-04T16:28:51,673  INFO MobsimListenerManager:54   assigned class org.matsim.core.mobsim.framework.listeners.MobsimListener to interface org.matsim.core.mobsim.framework.listeners.MobsimAfterSimStepListener
2025-11-04T16:28:51,673  INFO MobsimListenerManager:54   assigned class org.matsim.core.mobsim.framework.listeners.MobsimListener to interface org.matsim.core.mobsim.framework.listeners.MobsimBeforeCleanupListener
2025-11-04T16:28:51,673  INFO MobsimListenerManager:54   assigned class org.matsim.core.mobsim.framework.listeners.MobsimListener to interface org.matsim.vis.snapshotwriters.SnapshotWriterManager
2025-11-04T16:28:51,673  INFO MobsimListenerManager:54   assigned class org.matsim.core.mobsim.framework.listeners.MobsimListener to interface org.matsim.core.mobsim.framework.listeners.MobsimInitializedListener
2025-11-04T16:28:51,673  INFO MobsimListenerManager:54   assigned class org.matsim.core.mobsim.framework.listeners.MobsimListener to interface org.matsim.core.mobsim.framework.listeners.MobsimListener
2025-11-04T16:28:51,677  INFO QSimProvider:131 Added MobsimEngine class org.matsim.core.mobsim.qsim.ActivityEngineDefaultImpl
2025-11-04T16:28:51,677  INFO QSimProvider:137 Added Activityhandler class org.matsim.core.mobsim.qsim.ActivityEngineDefaultImpl
2025-11-04T16:28:51,691  INFO QSimProvider:131 Added MobsimEngine class org.matsim.core.mobsim.qsim.qnetsimengine.QNetsimEngineWithThreadpool
2025-11-04T16:28:51,692  INFO QSimProvider:143 Added DepartureHandler class org.matsim.core.mobsim.qsim.qnetsimengine.NetworkModeDepartureHandlerDefaultImpl
2025-11-04T16:28:51,692  INFO QSimProvider:131 Added MobsimEngine class org.matsim.core.mobsim.qsim.DefaultTeleportationEngine
2025-11-04T16:28:51,692  INFO QSimProvider:143 Added DepartureHandler class org.matsim.core.mobsim.qsim.DefaultTeleportationEngine
2025-11-04T16:28:51,692  INFO QSimProvider:149 Added AgentSource class org.matsim.core.mobsim.qsim.agents.PopulationAgentSource
2025-11-04T16:28:51,692  INFO MobsimListenerManager:50 calling addQueueSimulationListener
2025-11-04T16:28:51,692  INFO MobsimListenerManager:54   assigned class org.matsim.core.mobsim.framework.listeners.MobsimListener to interface org.matsim.core.mobsim.qsim.messagequeueengine.MessageQueueEngine
2025-11-04T16:28:51,692  INFO MobsimListenerManager:54   assigned class org.matsim.core.mobsim.framework.listeners.MobsimListener to interface org.matsim.core.mobsim.framework.listeners.MobsimListener
2025-11-04T16:28:51,692  INFO MobsimListenerManager:54   assigned class org.matsim.core.mobsim.framework.listeners.MobsimListener to interface org.matsim.core.mobsim.framework.listeners.MobsimBeforeSimStepListener
2025-11-04T16:28:51,692  INFO QSimProvider:155 Added MobsimListener class org.matsim.core.mobsim.qsim.messagequeueengine.MessageQueueEngine
2025-11-04T16:28:51,698  INFO PopulationUtils:1292 adding scenario element for allpersons container
2025-11-04T16:28:51,698  INFO PopulationImpl:111  person # 1
2025-11-04T16:28:51,699  INFO PopulationImpl:111  person # 4
2025-11-04T16:28:51,699  INFO PopulationImpl:111  person # 16
2025-11-04T16:28:51,699  INFO PopulationImpl:111  person # 64
2025-11-04T16:28:51,700  INFO VehicleUtils:431 adding scenario element for allvehicles container
2025-11-04T16:28:51,700  INFO Counter:70 [VehiclesImpl] added vehicle # 1
2025-11-04T16:28:51,700  INFO Counter:70 [VehiclesImpl] added vehicle # 2
2025-11-04T16:28:51,700  INFO Counter:70 [VehiclesImpl] added vehicle # 4
2025-11-04T16:28:51,701  INFO Counter:70 [VehiclesImpl] added vehicle # 8
2025-11-04T16:28:51,701  INFO Counter:70 [VehiclesImpl] added vehicle # 16
2025-11-04T16:28:51,701  INFO Counter:70 [VehiclesImpl] added vehicle # 32
2025-11-04T16:28:51,702  INFO Counter:70 [VehiclesImpl] added vehicle # 64
2025-11-04T16:28:51,705  INFO AbstractQNetsimEngine:418 Assigned 15 nodes and 23 links to QSimEngineRunner #0
2025-11-04T16:28:51,708  INFO EventsManagerImpl:116  event # 1
2025-11-04T16:28:51,710  INFO AbstractQNetsimEngine:356 SIMULATION (QNetsimEngine) AT 05:58:30 : #links=0 #nodes=1
2025-11-04T16:28:51,710  INFO EventsManagerImpl:116  event # 4
2025-11-04T16:28:51,713  INFO QSim:552 SIMULATION (NEW QSim) AT 05:58:30 : #Veh=100 lost=0 simT=0.0s realT=0s; (s/r): 0.0
2025-11-04T16:28:51,720  INFO EventsManagerImpl:116  event # 16
2025-11-04T16:28:51,723  INFO EventsManagerImpl:116  event # 64
2025-11-04T16:28:51,724  INFO AbstractQNetsimEngine:356 SIMULATION (QNetsimEngine) AT 06:00:00 : #links=2 #nodes=1
2025-11-04T16:28:51,724  INFO QSim:552 SIMULATION (NEW QSim) AT 06:00:00 : #Veh=100 lost=0 simT=90.0s realT=0s; (s/r): Infinity
2025-11-04T16:28:51,728  INFO EventsManagerImpl:116  event # 256
2025-11-04T16:28:51,872  INFO EventsManagerImpl:116  event # 1024
2025-11-04T16:28:52,014  INFO AbstractQNetsimEngine:356 SIMULATION (QNetsimEngine) AT 07:00:00 : #links=1 #nodes=0
2025-11-04T16:28:52,015  INFO QSim:552 SIMULATION (NEW QSim) AT 07:00:00 : #Veh=100 lost=0 simT=3690.0s realT=0s; (s/r): Infinity
2025-11-04T16:28:52,154  INFO AbstractQNetsimEngine:356 SIMULATION (QNetsimEngine) AT 08:00:00 : #links=1 #nodes=0
2025-11-04T16:28:52,154  INFO QSim:552 SIMULATION (NEW QSim) AT 08:00:00 : #Veh=5 lost=0 simT=7290.0s realT=0s; (s/r): Infinity
2025-11-04T16:28:52,264  INFO AbstractQNetsimEngine:356 SIMULATION (QNetsimEngine) AT 09:00:00 : #links=1 #nodes=0
2025-11-04T16:28:52,265  INFO QSim:552 SIMULATION (NEW QSim) AT 09:00:00 : #Veh=4 lost=0 simT=10890.0s realT=0s; (s/r): Infinity
2025-11-04T16:28:52,349  INFO AbstractQNetsimEngine:356 SIMULATION (QNetsimEngine) AT 10:00:00 : #links=0 #nodes=0
2025-11-04T16:28:52,349  INFO QSim:552 SIMULATION (NEW QSim) AT 10:00:00 : #Veh=2 lost=0 simT=14490.0s realT=0s; (s/r): Infinity
2025-11-04T16:28:52,456  INFO AbstractQNetsimEngine:356 SIMULATION (QNetsimEngine) AT 11:00:00 : #links=0 #nodes=0
2025-11-04T16:28:52,456  INFO QSim:552 SIMULATION (NEW QSim) AT 11:00:00 : #Veh=1 lost=0 simT=18090.0s realT=0s; (s/r): Infinity
2025-11-04T16:28:52,560  INFO AbstractQNetsimEngine:356 SIMULATION (QNetsimEngine) AT 12:00:00 : #links=0 #nodes=0
2025-11-04T16:28:52,561  INFO QSim:552 SIMULATION (NEW QSim) AT 12:00:00 : #Veh=1 lost=0 simT=21690.0s realT=0s; (s/r): Infinity
2025-11-04T16:28:52,664  INFO AbstractQNetsimEngine:356 SIMULATION (QNetsimEngine) AT 13:00:00 : #links=1 #nodes=0
2025-11-04T16:28:52,665  INFO QSim:552 SIMULATION (NEW QSim) AT 13:00:00 : #Veh=1 lost=0 simT=25290.0s realT=0s; (s/r): Infinity
2025-11-04T16:28:52,698  INFO Gbl:196 Thread performance: Thread=class org.matsim.core.events.SimStepParallelEventsManagerImpl$ProcessEventsRunnable0  cpu-time=0.162242sec
2025-11-04T16:28:52,699  INFO AbstractController$9:237 ### ITERATION 0 fires after mobsim event
2025-11-04T16:28:52,700  INFO ControlerListenerManagerImpl:269 calling notifyAfterMobsim on org.matsim.analysis.LegTimesControlerListener with priority 0.0
2025-11-04T16:28:52,702  INFO LegTimesControlerListener:73 [0] average leg duration is: 1695 seconds = 00:28:15
2025-11-04T16:28:52,702  INFO ControlerListenerManagerImpl:269 calling notifyAfterMobsim on org.matsim.core.events.MobsimScopeEventHandling with priority 0.0
2025-11-04T16:28:52,703  INFO ControlerListenerManagerImpl:269 calling notifyAfterMobsim on org.matsim.core.scoring.EventsToActivities$1 with priority 0.0
2025-11-04T16:28:52,704  INFO ControlerListenerManagerImpl:272 [it.0] all ControlerAfterMobsimListeners called.
2025-11-04T16:28:52,705  INFO AbstractController$4:162 ### ITERATION 0 fires scoring event
2025-11-04T16:28:52,705  INFO ControlerListenerManagerImpl:197 calling notifyScoring on org.matsim.core.scoring.PlansScoringImpl with priority 0.0
2025-11-04T16:28:52,707  INFO NewScoreAssignerImpl:60 it: 0 msaStart: null
2025-11-04T16:28:52,707  INFO ControlerListenerManagerImpl:209 [it.0] all ControlerScoringListeners called.
2025-11-04T16:28:52,708  INFO AbstractController$5:170 ### ITERATION 0 fires iteration end event
2025-11-04T16:28:52,708  INFO ControlerListenerManagerImpl:172 calling notifyIterationEnds on org.matsim.core.controler.corelisteners.EventsHandlingImpl with priority 0.0
2025-11-04T16:28:52,709  INFO EventsManagerImpl:164 removing Event-Handler: org.matsim.core.events.algorithms.EventWriterXML
2025-11-04T16:28:52,710  INFO EventsManagerImpl:164 removing Event-Handler: org.matsim.core.events.algorithms.EventWriterXML
2025-11-04T16:28:52,710  INFO ControlerListenerManagerImpl:172 calling notifyIterationEnds on org.matsim.core.scoring.PlansScoringImpl with priority 0.0
2025-11-04T16:28:52,710  INFO ControlerListenerManagerImpl:180 calling notifyIterationEnds on org.matsim.counts.CountsControlerListener with priority 0.0
2025-11-04T16:28:52,710  INFO ControlerListenerManagerImpl:180 calling notifyIterationEnds on org.matsim.analysis.ModeChoiceCoverageControlerListener with priority 0.0
2025-11-04T16:28:52,715  INFO ModeChoiceCoverageControlerListener:144 -- mode choice coverage (1x) of mode car = 1.0
2025-11-04T16:28:52,715  INFO ModeChoiceCoverageControlerListener:144 -- mode choice coverage (5x) of mode car = 0.0
2025-11-04T16:28:52,715  INFO ModeChoiceCoverageControlerListener:144 -- mode choice coverage (10x) of mode car = 0.0
2025-11-04T16:28:52,717  INFO ControlerListenerManagerImpl:180 calling notifyIterationEnds on org.matsim.analysis.ModeStatsControlerListener with priority 0.0
2025-11-04T16:28:52,718  INFO ModeStatsControlerListener:133 Mode shares over all 201.0 trips found. MainModeIdentifier: class org.matsim.core.router.DefaultAnalysisMainModeIdentifier
2025-11-04T16:28:52,718  INFO ModeStatsControlerListener:140 -- mode share of mode car = 1.0
2025-11-04T16:28:52,719  INFO ControlerListenerManagerImpl:180 calling notifyIterationEnds on org.matsim.analysis.ScoreStatsControlerListener with priority 0.0
2025-11-04T16:28:52,720  INFO ScoreStatsControlerListener:154 -- avg. score of the executed plan of each agent: 64.75686659291274
2025-11-04T16:28:52,720  INFO ScoreStatsControlerListener:155 -- avg. score of the worst plan of each agent: 64.75686659291274
2025-11-04T16:28:52,720  INFO ScoreStatsControlerListener:156 -- avg. of the avg. plan score per agent: 64.75686659291274
2025-11-04T16:28:52,720  INFO ScoreStatsControlerListener:157 -- avg. score of the best plan of each agent: 64.75686659291274
2025-11-04T16:28:52,724  INFO ControlerListenerManagerImpl:180 calling notifyIterationEnds on org.matsim.analysis.IterationTravelStatsControlerListener with priority 0.0
2025-11-04T16:28:52,731  INFO TravelDistanceStats:115 -- average leg distance per plan (executed plans only): 44776.119402985074 meters
2025-11-04T16:28:52,732  INFO TravelDistanceStats:116 average leg distance per Person (executed plans only): 90000.0 meters (statistic on all 201 legs which have a finite distance)
2025-11-04T16:28:52,732  INFO TravelDistanceStats:117 -- average trip distance per plan (executed plans only): 44776.119402985074 meters
2025-11-04T16:28:52,732  INFO TravelDistanceStats:118 average trip distance per Person (executed plans only): 90000.0 meters (statistic on all 201 trips which have a finite distance)
2025-11-04T16:28:52,732  INFO TravelDistanceStats:119 (TravelDistanceStats takes an average over all legs where the simulation reports travelled (network) distances
2025-11-04T16:28:52,732  INFO TravelDistanceStats:120 (and teleported legs whose route contains a distance.)
2025-11-04T16:28:52,761  INFO ActivityWriter:39 Writing all Activities to activitiescsv
2025-11-04T16:28:52,764  INFO ActivityWriter:59 ...done
2025-11-04T16:28:52,764  INFO ControlerListenerManagerImpl:180 calling notifyIterationEnds on org.matsim.analysis.LegTimesControlerListener with priority 0.0
2025-11-04T16:28:52,764  INFO EventsManagerImpl:164 removing Event-Handler: org.matsim.analysis.CalcLegTimes
2025-11-04T16:28:52,764  INFO EventsManagerImpl:164 removing Event-Handler: org.matsim.analysis.CalcLegTimes
2025-11-04T16:28:52,764  INFO ControlerListenerManagerImpl:180 calling notifyIterationEnds on org.matsim.analysis.LegHistogramListener with priority 0.0
2025-11-04T16:28:52,766  INFO LegHistogramListener:78 number of legs:	402	100%
2025-11-04T16:28:52,772  INFO LegHistogramListener:85 number of car legs:	402	100.0%
2025-11-04T16:28:54,861  INFO ControlerListenerManagerImpl:180 calling notifyIterationEnds on org.matsim.analysis.LinkStatsControlerListener with priority 0.0
2025-11-04T16:28:54,862  INFO ControlerListenerManagerImpl:184 [it.0] all ControlerIterationEndsListeners called.
2025-11-04T16:28:54,970  INFO AbstractController:184 ### ITERATION 0 ENDS
2025-11-04T16:28:54,970  INFO AbstractController:185 ###################################################
2025-11-04T16:28:54,970  INFO AbstractController:136 ###################################################
2025-11-04T16:28:54,970  INFO AbstractController:137 ### ITERATION 1 BEGINS
2025-11-04T16:28:54,971  INFO ControlerListenerManagerImpl:156 calling notifyIterationStarts on org.matsim.analysis.LegTimesControlerListener with priority 0.0
2025-11-04T16:28:54,971  INFO EventsManagerImpl:139 === Logging of event-handlers skipped ===
2025-11-04T16:28:54,971  INFO EventsManagerImpl:140 To enable debug output, set an environment variable i.e. export LOG_LEVEL='debug', or set log.setLogLevel(Level.DEBUG) in your run class.
2025-11-04T16:28:54,971  INFO EventsManagerImpl:210     > org.matsim.api.core.v01.events.PersonDepartureEvent
2025-11-04T16:28:54,971  INFO EventsManagerImpl:210     > org.matsim.api.core.v01.events.PersonArrivalEvent
2025-11-04T16:28:54,971  INFO EventsManagerImpl:210     > org.matsim.api.core.v01.events.ActivityEndEvent
2025-11-04T16:28:54,971  INFO EventsManagerImpl:210     > org.matsim.api.core.v01.events.ActivityStartEvent
2025-11-04T16:28:54,971  INFO EventsManagerImpl:139 === Logging of event-handlers skipped ===
2025-11-04T16:28:54,971  INFO EventsManagerImpl:140 To enable debug output, set an environment variable i.e. export LOG_LEVEL='debug', or set log.setLogLevel(Level.DEBUG) in your run class.
2025-11-04T16:28:54,971  INFO EventsManagerImpl:210     > org.matsim.api.core.v01.events.PersonDepartureEvent
2025-11-04T16:28:54,971  INFO EventsManagerImpl:210     > org.matsim.api.core.v01.events.PersonArrivalEvent
2025-11-04T16:28:54,971  INFO EventsManagerImpl:210     > org.matsim.api.core.v01.events.ActivityEndEvent
2025-11-04T16:28:54,971  INFO EventsManagerImpl:210     > org.matsim.api.core.v01.events.ActivityStartEvent
2025-11-04T16:28:54,971  INFO ControlerListenerManagerImpl:156 calling notifyIterationStarts on org.matsim.analysis.LegHistogramListener with priority 0.0
2025-11-04T16:28:54,971  INFO EventsManagerImpl:139 === Logging of event-handlers skipped ===
2025-11-04T16:28:54,971  INFO EventsManagerImpl:140 To enable debug output, set an environment variable i.e. export LOG_LEVEL='debug', or set log.setLogLevel(Level.DEBUG) in your run class.
2025-11-04T16:28:54,971  INFO EventsManagerImpl:210     > org.matsim.api.core.v01.events.PersonDepartureEvent
2025-11-04T16:28:54,971  INFO EventsManagerImpl:210     > org.matsim.api.core.v01.events.PersonArrivalEvent
2025-11-04T16:28:54,971  INFO EventsManagerImpl:210     > org.matsim.api.core.v01.events.PersonStuckEvent
2025-11-04T16:28:54,971  INFO EventsManagerImpl:139 === Logging of event-handlers skipped ===
2025-11-04T16:28:54,971  INFO EventsManagerImpl:140 To enable debug output, set an environment variable i.e. export LOG_LEVEL='debug', or set log.setLogLevel(Level.DEBUG) in your run class.
2025-11-04T16:28:54,971  INFO EventsManagerImpl:210     > org.matsim.api.core.v01.events.PersonDepartureEvent
2025-11-04T16:28:54,971  INFO EventsManagerImpl:210     > org.matsim.api.core.v01.events.PersonArrivalEvent
2025-11-04T16:28:54,971  INFO EventsManagerImpl:210     > org.matsim.api.core.v01.events.PersonStuckEvent
2025-11-04T16:28:54,971  INFO ControlerListenerManagerImpl:156 calling notifyIterationStarts on org.matsim.analysis.LinkStatsControlerListener with priority 0.0
2025-11-04T16:28:54,972  INFO ControlerListenerManagerImpl:156 calling notifyIterationStarts on org.matsim.core.replanning.ReplanningContextImpl with priority 0.0
2025-11-04T16:28:54,972  INFO ControlerListenerManagerImpl:156 calling notifyIterationStarts on org.matsim.core.scoring.ScoringFunctionsForPopulation$$Lambda/0x0000000501573b38 with priority 0.0
2025-11-04T16:28:54,972  INFO ControlerListenerManagerImpl:156 calling notifyIterationStarts on org.matsim.core.scoring.ExperiencedPlansServiceImpl$1 with priority 0.0
2025-11-04T16:28:54,972  INFO ControlerListenerManagerImpl:159 [it.1] all ControlerIterationStartsListeners called.
2025-11-04T16:28:54,973  INFO ControlerListenerManagerImpl:221 calling notifyReplanning on org.matsim.core.controler.corelisteners.PlansReplanningImpl with priority 0.0
2025-11-04T16:28:54,973  INFO RandomizingTimeDistanceTravelDisutilityFactory:86  sigma: 3.0; resulting normalization: 0.011108996538242306
2025-11-04T16:28:54,974  INFO RandomizingTimeDistanceTravelDisutilityFactory:86  sigma: 3.0; resulting normalization: 0.011108996538242306
2025-11-04T16:28:54,975  INFO GenericPlanStrategyImpl:135 Plan-Strategy finished, 89 plans handled. Strategy: BestPlanSelector
2025-11-04T16:28:54,975  INFO AbstractMultithreadedModule:142 [PlanRouter] starting 2 threads, handling 11 plans
2025-11-04T16:28:54,979  INFO Counter:70 [PlanRouter] handled plan # 2
2025-11-04T16:28:54,979  INFO Counter:70 [PlanRouter] handled plan # 1
2025-11-04T16:28:54,979  INFO Counter:70 [PlanRouter] handled plan # 4
2025-11-04T16:28:54,980  INFO Counter:70 [PlanRouter] handled plan # 8
2025-11-04T16:28:54,983  INFO AbstractMultithreadedModule:157 [PlanRouter] all 2 threads finished.
2025-11-04T16:28:54,983  INFO GenericPlanStrategyImpl:135 Plan-Strategy finished, 11 plans handled. Strategy: RandomPlanSelector_ReRoute
2025-11-04T16:28:54,984  INFO ControlerListenerManagerImpl:230 [it.1] all ControlerReplanningListeners called.
2025-11-04T16:28:54,984  INFO ControlerListenerManagerImpl:242 calling notifyBeforeMobsim on org.matsim.core.controler.corelisteners.EventsHandlingImpl with priority 0.0
2025-11-04T16:28:54,984  INFO EventsManagerImpl:173 resetting Event-Handlers
2025-11-04T16:28:54,984  INFO EventsManagerImpl:180   org.matsim.core.trafficmonitoring.TravelTimeCalculator
2025-11-04T16:28:54,984  INFO EventsManagerImpl:180   org.matsim.analysis.VolumesAnalyzer
2025-11-04T16:28:54,984  INFO EventsManagerImpl:180   org.matsim.core.scoring.ScoringFunctionsForPopulation
2025-11-04T16:28:54,984  INFO EventsManagerImpl:180   org.matsim.analysis.LegHistogram
2025-11-04T16:28:54,985  INFO EventsManagerImpl:180   org.matsim.analysis.CalcLegTimes
2025-11-04T16:28:54,985  INFO EventsManagerImpl:139 === Logging of event-handlers skipped ===
2025-11-04T16:28:54,985  INFO EventsManagerImpl:140 To enable debug output, set an environment variable i.e. export LOG_LEVEL='debug', or set log.setLogLevel(Level.DEBUG) in your run class.
2025-11-04T16:28:54,985  INFO EventsManagerImpl:210     > org.matsim.api.core.v01.events.Event
2025-11-04T16:28:54,985  INFO EventsManagerImpl:139 === Logging of event-handlers skipped ===
2025-11-04T16:28:54,985  INFO EventsManagerImpl:140 To enable debug output, set an environment variable i.e. export LOG_LEVEL='debug', or set log.setLogLevel(Level.DEBUG) in your run class.
2025-11-04T16:28:54,985  INFO EventsManagerImpl:210     > org.matsim.api.core.v01.events.Event
2025-11-04T16:28:54,985  INFO ControlerListenerManagerImpl:242 calling notifyBeforeMobsim on org.matsim.core.controler.corelisteners.PlansDumpingImpl with priority 0.0
2025-11-04T16:28:54,985  INFO PlansDumpingImpl:77 dumping plans...
2025-11-04T16:28:54,986  INFO Counter:70 [PopulationWriter] dumped person # 1
2025-11-04T16:28:54,987  INFO Counter:70 [PopulationWriter] dumped person # 2
2025-11-04T16:28:54,987  INFO Counter:70 [PopulationWriter] dumped person # 4
2025-11-04T16:28:54,987  INFO Counter:70 [PopulationWriter] dumped person # 8
2025-11-04T16:28:54,987  INFO Counter:70 [ParallelPopulationWriterV6] dumped person # 1
2025-11-04T16:28:54,987  INFO Counter:70 [ParallelPopulationWriterV6] dumped person # 2
2025-11-04T16:28:54,987  INFO Counter:70 [ParallelPopulationWriterV6] dumped person # 4
2025-11-04T16:28:54,987  INFO Counter:70 [ParallelPopulationWriterV6] dumped person # 8
2025-11-04T16:28:54,987  INFO Counter:70 [PopulationWriter] dumped person # 16
2025-11-04T16:28:54,987  INFO Counter:70 [ParallelPopulationWriterV6] dumped person # 16
2025-11-04T16:28:54,987  INFO Counter:70 [PopulationWriter] dumped person # 32
2025-11-04T16:28:54,988  INFO Counter:70 [PopulationWriter] dumped person # 64
2025-11-04T16:28:54,988  INFO Counter:70 [ParallelPopulationWriterV6] dumped person # 32
2025-11-04T16:28:54,989  INFO Counter:70 [ParallelPopulationWriterV6] dumped person # 64
2025-11-04T16:28:54,991  INFO Counter:75 [ParallelPopulationWriterV6] dumped person # 100
2025-11-04T16:28:54,991  INFO PopulationWriter:150 Population written to: test/output/org/matsim/project/RunMatsimTest/test/ITERS/it.1/1.plans.xml.gz
2025-11-04T16:28:54,992  INFO Counter:75 [PopulationWriter] dumped person # 100
2025-11-04T16:28:54,992  INFO PlansDumpingImpl:94 finished plans dump.
2025-11-04T16:28:54,992  INFO ControlerListenerManagerImpl:248 calling notifyBeforeMobsim on org.matsim.core.population.VspPlansCleaner with priority 0.0
2025-11-04T16:28:54,992  INFO ControlerListenerManagerImpl:251 [it.1] all ControlerBeforeMobsimListeners called.
2025-11-04T16:28:54,992  INFO RandomizingTimeDistanceTravelDisutilityFactory:86  sigma: 3.0; resulting normalization: 0.011108996538242306
2025-11-04T16:28:54,993  INFO RandomizingTimeDistanceTravelDisutilityFactory:86  sigma: 3.0; resulting normalization: 0.011108996538242306
2025-11-04T16:28:54,994  INFO Counter:70 [PersonPrepareForSim] handled person # 1
2025-11-04T16:28:54,994  INFO Counter:70 [PersonPrepareForSim] handled person # 2
2025-11-04T16:28:54,994  INFO Counter:70 [PersonPrepareForSim] handled person # 4
2025-11-04T16:28:54,994  INFO Counter:70 [PersonPrepareForSim] handled person # 8
2025-11-04T16:28:54,994  INFO Counter:70 [PersonPrepareForSim] handled person # 16
2025-11-04T16:28:54,994  INFO Counter:70 [PersonPrepareForSim] handled person # 32
2025-11-04T16:28:54,996  INFO Counter:70 [PersonPrepareForSim] handled person # 64
2025-11-04T16:28:54,996  INFO Counter:75 [PersonPrepareForSim] handled person # 100
2025-11-04T16:28:55,044  INFO MobsimListenerManager:50 calling addQueueSimulationListener
2025-11-04T16:28:55,044  INFO MobsimListenerManager:54   assigned class org.matsim.core.mobsim.framework.listeners.MobsimListener to interface org.matsim.core.mobsim.framework.listeners.MobsimAfterSimStepListener
2025-11-04T16:28:55,045  INFO MobsimListenerManager:54   assigned class org.matsim.core.mobsim.framework.listeners.MobsimListener to interface org.matsim.core.mobsim.framework.listeners.MobsimBeforeCleanupListener
2025-11-04T16:28:55,045  INFO MobsimListenerManager:54   assigned class org.matsim.core.mobsim.framework.listeners.MobsimListener to interface org.matsim.vis.snapshotwriters.SnapshotWriterManager
2025-11-04T16:28:55,045  INFO MobsimListenerManager:54   assigned class org.matsim.core.mobsim.framework.listeners.MobsimListener to interface org.matsim.core.mobsim.framework.listeners.MobsimInitializedListener
2025-11-04T16:28:55,045  INFO MobsimListenerManager:54   assigned class org.matsim.core.mobsim.framework.listeners.MobsimListener to interface org.matsim.core.mobsim.framework.listeners.MobsimListener
2025-11-04T16:28:55,046  INFO QSimProvider:131 Added MobsimEngine class org.matsim.core.mobsim.qsim.ActivityEngineDefaultImpl
2025-11-04T16:28:55,046  INFO QSimProvider:137 Added Activityhandler class org.matsim.core.mobsim.qsim.ActivityEngineDefaultImpl
2025-11-04T16:28:55,047  INFO QSimProvider:131 Added MobsimEngine class org.matsim.core.mobsim.qsim.qnetsimengine.QNetsimEngineWithThreadpool
2025-11-04T16:28:55,047  INFO QSimProvider:143 Added DepartureHandler class org.matsim.core.mobsim.qsim.qnetsimengine.NetworkModeDepartureHandlerDefaultImpl
2025-11-04T16:28:55,047  INFO QSimProvider:131 Added MobsimEngine class org.matsim.core.mobsim.qsim.DefaultTeleportationEngine
2025-11-04T16:28:55,047  INFO QSimProvider:143 Added DepartureHandler class org.matsim.core.mobsim.qsim.DefaultTeleportationEngine
2025-11-04T16:28:55,047  INFO QSimProvider:149 Added AgentSource class org.matsim.core.mobsim.qsim.agents.PopulationAgentSource
2025-11-04T16:28:55,047  INFO MobsimListenerManager:50 calling addQueueSimulationListener
2025-11-04T16:28:55,047  INFO MobsimListenerManager:54   assigned class org.matsim.core.mobsim.framework.listeners.MobsimListener to interface org.matsim.core.mobsim.qsim.messagequeueengine.MessageQueueEngine
2025-11-04T16:28:55,048  INFO MobsimListenerManager:54   assigned class org.matsim.core.mobsim.framework.listeners.MobsimListener to interface org.matsim.core.mobsim.framework.listeners.MobsimListener
2025-11-04T16:28:55,048  INFO MobsimListenerManager:54   assigned class org.matsim.core.mobsim.framework.listeners.MobsimListener to interface org.matsim.core.mobsim.framework.listeners.MobsimBeforeSimStepListener
2025-11-04T16:28:55,048  INFO QSimProvider:155 Added MobsimListener class org.matsim.core.mobsim.qsim.messagequeueengine.MessageQueueEngine
2025-11-04T16:28:55,050  INFO AbstractQNetsimEngine:418 Assigned 15 nodes and 23 links to QSimEngineRunner #0
2025-11-04T16:28:55,051  INFO AbstractQNetsimEngine:356 SIMULATION (QNetsimEngine) AT 05:58:30 : #links=0 #nodes=1
2025-11-04T16:28:55,051  INFO QSim:552 SIMULATION (NEW QSim) AT 05:58:30 : #Veh=100 lost=0 simT=0.0s realT=0s; (s/r): 0.0
2025-11-04T16:28:55,057  INFO AbstractQNetsimEngine:356 SIMULATION (QNetsimEngine) AT 06:00:00 : #links=2 #nodes=1
2025-11-04T16:28:55,057  INFO QSim:552 SIMULATION (NEW QSim) AT 06:00:00 : #Veh=100 lost=0 simT=90.0s realT=0s; (s/r): Infinity
2025-11-04T16:28:55,099  INFO EventsManagerImpl:116  event # 4096
2025-11-04T16:28:55,225  INFO AbstractQNetsimEngine:356 SIMULATION (QNetsimEngine) AT 07:00:00 : #links=1 #nodes=0
2025-11-04T16:28:55,225  INFO QSim:552 SIMULATION (NEW QSim) AT 07:00:00 : #Veh=100 lost=0 simT=3690.0s realT=0s; (s/r): Infinity
2025-11-04T16:28:55,336  INFO AbstractQNetsimEngine:356 SIMULATION (QNetsimEngine) AT 08:00:00 : #links=1 #nodes=0
2025-11-04T16:28:55,336  INFO QSim:552 SIMULATION (NEW QSim) AT 08:00:00 : #Veh=5 lost=0 simT=7290.0s realT=0s; (s/r): Infinity
2025-11-04T16:28:55,413  INFO AbstractQNetsimEngine:356 SIMULATION (QNetsimEngine) AT 09:00:00 : #links=1 #nodes=0
2025-11-04T16:28:55,414  INFO QSim:552 SIMULATION (NEW QSim) AT 09:00:00 : #Veh=4 lost=0 simT=10890.0s realT=0s; (s/r): Infinity
2025-11-04T16:28:55,484  INFO AbstractQNetsimEngine:356 SIMULATION (QNetsimEngine) AT 10:00:00 : #links=0 #nodes=0
2025-11-04T16:28:55,485  INFO QSim:552 SIMULATION (NEW QSim) AT 10:00:00 : #Veh=2 lost=0 simT=14490.0s realT=0s; (s/r): Infinity
2025-11-04T16:28:55,577  INFO AbstractQNetsimEngine:356 SIMULATION (QNetsimEngine) AT 11:00:00 : #links=0 #nodes=0
2025-11-04T16:28:55,578  INFO QSim:552 SIMULATION (NEW QSim) AT 11:00:00 : #Veh=1 lost=0 simT=18090.0s realT=0s; (s/r): Infinity
2025-11-04T16:28:55,672  INFO AbstractQNetsimEngine:356 SIMULATION (QNetsimEngine) AT 12:00:00 : #links=0 #nodes=0
2025-11-04T16:28:55,672  INFO QSim:552 SIMULATION (NEW QSim) AT 12:00:00 : #Veh=1 lost=0 simT=21690.0s realT=0s; (s/r): Infinity
2025-11-04T16:28:55,742  INFO AbstractQNetsimEngine:356 SIMULATION (QNetsimEngine) AT 13:00:00 : #links=1 #nodes=0
2025-11-04T16:28:55,742  INFO QSim:552 SIMULATION (NEW QSim) AT 13:00:00 : #Veh=1 lost=0 simT=25290.0s realT=0s; (s/r): Infinity
2025-11-04T16:28:55,793  INFO Gbl:196 Thread performance: Thread=class org.matsim.core.events.SimStepParallelEventsManagerImpl$ProcessEventsRunnable0  cpu-time=0.130836sec
2025-11-04T16:28:55,793  INFO AbstractController$9:237 ### ITERATION 1 fires after mobsim event
2025-11-04T16:28:55,794  INFO ControlerListenerManagerImpl:269 calling notifyAfterMobsim on org.matsim.analysis.LegTimesControlerListener with priority 0.0
2025-11-04T16:28:55,796  INFO LegTimesControlerListener:73 [1] average leg duration is: 1678 seconds = 00:27:58
2025-11-04T16:28:55,796  INFO ControlerListenerManagerImpl:269 calling notifyAfterMobsim on org.matsim.core.events.MobsimScopeEventHandling with priority 0.0
2025-11-04T16:28:55,796  INFO ControlerListenerManagerImpl:269 calling notifyAfterMobsim on org.matsim.core.scoring.EventsToActivities$1 with priority 0.0
2025-11-04T16:28:55,796  INFO ControlerListenerManagerImpl:272 [it.1] all ControlerAfterMobsimListeners called.
2025-11-04T16:28:55,796  INFO AbstractController$4:162 ### ITERATION 1 fires scoring event
2025-11-04T16:28:55,796  INFO ControlerListenerManagerImpl:197 calling notifyScoring on org.matsim.core.scoring.PlansScoringImpl with priority 0.0
2025-11-04T16:28:55,796  INFO NewScoreAssignerImpl:60 it: 1 msaStart: null
2025-11-04T16:28:55,796  INFO ControlerListenerManagerImpl:209 [it.1] all ControlerScoringListeners called.
2025-11-04T16:28:55,796  INFO AbstractController$5:170 ### ITERATION 1 fires iteration end event
2025-11-04T16:28:55,796  INFO ControlerListenerManagerImpl:172 calling notifyIterationEnds on org.matsim.core.controler.corelisteners.EventsHandlingImpl with priority 0.0
2025-11-04T16:28:55,797  INFO EventsManagerImpl:164 removing Event-Handler: org.matsim.core.events.algorithms.EventWriterXML
2025-11-04T16:28:55,797  INFO EventsManagerImpl:164 removing Event-Handler: org.matsim.core.events.algorithms.EventWriterXML
2025-11-04T16:28:55,797  INFO ControlerListenerManagerImpl:172 calling notifyIterationEnds on org.matsim.core.scoring.PlansScoringImpl with priority 0.0
2025-11-04T16:28:55,797  INFO ControlerListenerManagerImpl:180 calling notifyIterationEnds on org.matsim.counts.CountsControlerListener with priority 0.0
2025-11-04T16:28:55,797  INFO ControlerListenerManagerImpl:180 calling notifyIterationEnds on org.matsim.analysis.ModeChoiceCoverageControlerListener with priority 0.0
2025-11-04T16:28:55,798  INFO ModeChoiceCoverageControlerListener:144 -- mode choice coverage (1x) of mode car = 1.0
2025-11-04T16:28:55,798  INFO ModeChoiceCoverageControlerListener:144 -- mode choice coverage (5x) of mode car = 0.0
2025-11-04T16:28:55,798  INFO ModeChoiceCoverageControlerListener:144 -- mode choice coverage (10x) of mode car = 0.0
2025-11-04T16:28:55,980  INFO ControlerListenerManagerImpl:180 calling notifyIterationEnds on org.matsim.analysis.ModeStatsControlerListener with priority 0.0
2025-11-04T16:28:55,981  INFO ModeStatsControlerListener:133 Mode shares over all 201.0 trips found. MainModeIdentifier: class org.matsim.core.router.DefaultAnalysisMainModeIdentifier
2025-11-04T16:28:55,981  INFO ModeStatsControlerListener:140 -- mode share of mode car = 1.0
2025-11-04T16:28:56,124  INFO ControlerListenerManagerImpl:180 calling notifyIterationEnds on org.matsim.analysis.ScoreStatsControlerListener with priority 0.0
2025-11-04T16:28:56,124  INFO ScoreStatsControlerListener:154 -- avg. score of the executed plan of each agent: 64.84180132563583
2025-11-04T16:28:56,124  INFO ScoreStatsControlerListener:155 -- avg. score of the worst plan of each agent: 64.78366379257605
2025-11-04T16:28:56,124  INFO ScoreStatsControlerListener:156 -- avg. of the avg. plan score per agent: 64.81273255910591
2025-11-04T16:28:56,124  INFO ScoreStatsControlerListener:157 -- avg. score of the best plan of each agent: 64.84180132563583
2025-11-04T16:28:56,193  INFO ControlerListenerManagerImpl:180 calling notifyIterationEnds on org.matsim.analysis.IterationTravelStatsControlerListener with priority 0.0
2025-11-04T16:28:56,194  INFO TravelDistanceStats:115 -- average leg distance per plan (executed plans only): 44776.119402985074 meters
2025-11-04T16:28:56,195  INFO TravelDistanceStats:116 average leg distance per Person (executed plans only): 90000.0 meters (statistic on all 201 legs which have a finite distance)
2025-11-04T16:28:56,195  INFO TravelDistanceStats:117 -- average trip distance per plan (executed plans only): 44776.119402985074 meters
2025-11-04T16:28:56,195  INFO TravelDistanceStats:118 average trip distance per Person (executed plans only): 90000.0 meters (statistic on all 201 trips which have a finite distance)
2025-11-04T16:28:56,195  INFO TravelDistanceStats:119 (TravelDistanceStats takes an average over all legs where the simulation reports travelled (network) distances
2025-11-04T16:28:56,195  INFO TravelDistanceStats:120 (and teleported legs whose route contains a distance.)
2025-11-04T16:28:56,396  INFO ActivityWriter:39 Writing all Activities to activitiescsv
2025-11-04T16:28:56,400  INFO ActivityWriter:59 ...done
2025-11-04T16:28:56,400  INFO ControlerListenerManagerImpl:180 calling notifyIterationEnds on org.matsim.analysis.LegTimesControlerListener with priority 0.0
2025-11-04T16:28:56,400  INFO EventsManagerImpl:164 removing Event-Handler: org.matsim.analysis.CalcLegTimes
2025-11-04T16:28:56,400  INFO EventsManagerImpl:164 removing Event-Handler: org.matsim.analysis.CalcLegTimes
2025-11-04T16:28:56,400  INFO ControlerListenerManagerImpl:180 calling notifyIterationEnds on org.matsim.analysis.LegHistogramListener with priority 0.0
2025-11-04T16:28:56,401  INFO LegHistogramListener:78 number of legs:	603	100%
2025-11-04T16:28:56,401  INFO LegHistogramListener:85 number of car legs:	603	100.0%
2025-11-04T16:28:56,715  INFO ControlerListenerManagerImpl:180 calling notifyIterationEnds on org.matsim.analysis.LinkStatsControlerListener with priority 0.0
2025-11-04T16:28:56,715  INFO ControlerListenerManagerImpl:184 [it.1] all ControlerIterationEndsListeners called.
2025-11-04T16:28:56,813  INFO AbstractController:184 ### ITERATION 1 ENDS
2025-11-04T16:28:56,814  INFO AbstractController:185 ###################################################
2025-11-04T16:28:56,814  INFO MatsimRuntimeModifications:80 S H U T D O W N   ---   start shutdown.
2025-11-04T16:28:56,814  INFO ControlerListenerManagerImpl:128 calling notifyShutdown on org.matsim.core.controler.corelisteners.EventsHandlingImpl with priority 0.0
2025-11-04T16:28:56,814  INFO ControlerListenerManagerImpl:128 calling notifyShutdown on org.matsim.core.controler.corelisteners.DumpDataAtEndImpl with priority 0.0
2025-11-04T16:28:56,815  INFO Counter:70 [PopulationWriter] dumped person # 1
2025-11-04T16:28:56,816  INFO Counter:70 [PopulationWriter] dumped person # 2
2025-11-04T16:28:56,816  INFO Counter:70 [PopulationWriter] dumped person # 4
2025-11-04T16:28:56,816  INFO Counter:70 [PopulationWriter] dumped person # 8
2025-11-04T16:28:56,816  INFO Counter:70 [PopulationWriter] dumped person # 16
2025-11-04T16:28:56,816  INFO Counter:70 [PopulationWriter] dumped person # 32
2025-11-04T16:28:56,816  INFO Counter:70 [PopulationWriter] dumped person # 64
2025-11-04T16:28:56,816  INFO Counter:70 [ParallelPopulationWriterV6] dumped person # 1
2025-11-04T16:28:56,816  INFO Counter:70 [ParallelPopulationWriterV6] dumped person # 2
2025-11-04T16:28:56,816  INFO Counter:70 [ParallelPopulationWriterV6] dumped person # 4
2025-11-04T16:28:56,816  INFO Counter:70 [ParallelPopulationWriterV6] dumped person # 8
2025-11-04T16:28:56,816  INFO Counter:70 [ParallelPopulationWriterV6] dumped person # 16
2025-11-04T16:28:56,817  INFO Counter:70 [ParallelPopulationWriterV6] dumped person # 32
2025-11-04T16:28:56,818  INFO Counter:70 [ParallelPopulationWriterV6] dumped person # 64
2025-11-04T16:28:56,819  INFO Counter:75 [ParallelPopulationWriterV6] dumped person # 100
2025-11-04T16:28:56,820  INFO PopulationWriter:150 Population written to: test/output/org/matsim/project/RunMatsimTest/test/output_plans.xml.gz
2025-11-04T16:28:56,820  INFO Counter:75 [PopulationWriter] dumped person # 100
2025-11-04T16:28:56,820  INFO NetworkWriter:70 Writing network to file: test/output/org/matsim/project/RunMatsimTest/test/output_network.xml.gz...
2025-11-04T16:28:56,822  INFO NetworkWriter:73 done.
2025-11-04T16:28:56,826  INFO Config:461 setting context to [file:/Users/ro9air/matsim-example-project/]
2025-11-04T16:28:56,827  INFO Config:461 setting context to [file:/Users/ro9air/matsim-example-project/]
2025-11-04T16:28:56,828  INFO Config:461 setting context to [file:/Users/ro9air/matsim-example-project/]
2025-11-04T16:28:56,829  INFO Config:461 setting context to [file:/Users/ro9air/matsim-example-project/]
2025-11-04T16:28:56,829  INFO Config:461 setting context to [file:/Users/ro9air/matsim-example-project/]
2025-11-04T16:28:56,830  INFO Config:461 setting context to [file:/Users/ro9air/matsim-example-project/]
2025-11-04T16:28:56,831  INFO Config:461 setting context to [file:/Users/ro9air/matsim-example-project/]
2025-11-04T16:28:56,832  INFO Config:461 setting context to [file:/Users/ro9air/matsim-example-project/]
2025-11-04T16:28:56,833  INFO Config:461 setting context to [file:/Users/ro9air/matsim-example-project/]
2025-11-04T16:28:56,834  INFO Config:461 setting context to [file:/Users/ro9air/matsim-example-project/]
2025-11-04T16:28:56,835  INFO Config:461 setting context to [file:/Users/ro9air/matsim-example-project/]
2025-11-04T16:28:56,835  INFO Config:461 setting context to [file:/Users/ro9air/matsim-example-project/]
2025-11-04T16:28:56,836  INFO Config:461 setting context to [file:/Users/ro9air/matsim-example-project/]
2025-11-04T16:28:56,838  INFO Config:461 setting context to [file:/Users/ro9air/matsim-example-project/]
2025-11-04T16:28:56,839  INFO Config:461 setting context to [file:/Users/ro9air/matsim-example-project/]
2025-11-04T16:28:56,841  INFO Config:461 setting context to [file:/Users/ro9air/matsim-example-project/]
2025-11-04T16:28:56,842  INFO Config:461 setting context to [file:/Users/ro9air/matsim-example-project/]
2025-11-04T16:28:56,844  INFO Config:461 setting context to [file:/Users/ro9air/matsim-example-project/]
2025-11-04T16:28:56,846  INFO Config:461 setting context to [file:/Users/ro9air/matsim-example-project/]
2025-11-04T16:28:56,887  INFO Config:461 setting context to [file:/Users/ro9air/matsim-example-project/]
2025-11-04T16:28:56,888  INFO Config:461 setting context to [file:/Users/ro9air/matsim-example-project/]
2025-11-04T16:28:56,889  INFO Config:461 setting context to [file:/Users/ro9air/matsim-example-project/]
2025-11-04T16:28:56,891  INFO Config:461 setting context to [file:/Users/ro9air/matsim-example-project/]
2025-11-04T16:28:56,892  INFO Config:461 setting context to [file:/Users/ro9air/matsim-example-project/]
2025-11-04T16:28:56,893  INFO Config:461 setting context to [file:/Users/ro9air/matsim-example-project/]
2025-11-04T16:28:56,895  INFO MatsimVehicleWriter:49 about to write vehicles to: test/output/org/matsim/project/RunMatsimTest/test/output_vehicles.xml.gz
2025-11-04T16:28:56,895  INFO VehicleWriterV2:64 about to write vehicles to: test/output/org/matsim/project/RunMatsimTest/test/output_vehicles.xml.gz
2025-11-04T16:28:56,897  INFO MatsimVehicleWriter:49 about to write vehicles to: test/output/org/matsim/project/RunMatsimTest/test/output_allVehicles.xml.gz
2025-11-04T16:28:56,897  INFO VehicleWriterV2:64 about to write vehicles to: test/output/org/matsim/project/RunMatsimTest/test/output_allVehicles.xml.gz
2025-11-04T16:28:56,898  INFO HouseholdsWriterV10:66 about to write  households to: test/output/org/matsim/project/RunMatsimTest/test/output_households.xml.gz
2025-11-04T16:28:56,898  INFO Counter:75 [HouseholdsWriter] wrote household # 0
2025-11-04T16:28:56,900  INFO CountsWriterV2:45 Write Counts to test/output/org/matsim/project/RunMatsimTest/test/output_counts.xml.gz
2025-11-04T16:28:56,906  INFO ControlerListenerManagerImpl:135 calling notifyShutdown on org.matsim.analysis.ModeChoiceCoverageControlerListener with priority 0.0
2025-11-04T16:28:56,906  INFO ControlerListenerManagerImpl:135 calling notifyShutdown on org.matsim.analysis.ScoreStatsControlerListener with priority 0.0
2025-11-04T16:28:56,906  INFO ControlerListenerManagerImpl:135 calling notifyShutdown on org.matsim.analysis.IterationTravelStatsControlerListener with priority 0.0
2025-11-04T16:28:56,906  INFO PersonWriter:36 Writing all Persons to personscsv
2025-11-04T16:28:56,911  INFO PersonWriter:54 ...done
2025-11-04T16:28:56,911  INFO ControlerListenerManagerImpl:135 calling notifyShutdown on org.matsim.analysis.LinkStatsControlerListener with priority 0.0
2025-11-04T16:28:56,915  INFO ControlerListenerManagerImpl:138 all ControlerShutdownListeners called.
2025-11-04T16:28:56,915  INFO MatsimRuntimeModifications:103 S H U T D O W N   ---   shutdown completed.
2025-11-04T16:28:56,916  INFO OutputDirectoryLogging:173 closing the logfile, i.e. messages sent to the logger after this message are not written to the logfile.
2025-11-04T16:28:56,916  INFO OutputDirectoryLogging:173 closing the logfile, i.e. messages sent to the logger after this message are not written to the logfile.
2025-11-04T16:28:56,916  INFO Config:461 setting context to [file:/Users/ro9air/matsim-example-project/]
2025-11-04T16:28:56,918  INFO MatsimTestUtils:297 user.dir = /Users/ro9air/matsim-example-project
2025-11-04T16:28:56,918  INFO Config:461 setting context to [file:/Users/ro9air/matsim-example-project/]
2025-11-04T16:28:56,918  INFO MatsimXmlParser:153 starting to parse xml from file test/input/org/matsim/project/RunMatsimTest/test//output_plans.xml.gz ...
2025-11-04T16:28:56,918  INFO IOUtils:224 Resolved test/input/org/matsim/project/RunMatsimTest/test//output_plans.xml.gz to test/input/org/matsim/project/RunMatsimTest/test/output_plans.xml.gz
2025-11-04T16:28:56,920  INFO PopulationReader:135 using population_v6-reader.
2025-11-04T16:28:56,920  INFO MatsimXmlParser:296 Trying to load http://www.matsim.org/files/dtd/population_v6.dtd. In some cases (e.g. network interface up but no connection), this may take a bit.
2025-11-04T16:28:57,450  INFO ParallelPopulationReaderMatsimV6:168 Start parallel population reading...
2025-11-04T16:28:57,453  INFO PopulationImpl:111  person # 1
2025-11-04T16:28:57,454  INFO PopulationImpl:111  person # 4
2025-11-04T16:28:57,457  INFO PopulationImpl:111  person # 16
2025-11-04T16:28:57,463  INFO PopulationImpl:111  person # 64
2025-11-04T16:28:57,479  INFO ParallelPopulationReaderMatsimV6:238 Finished parallel population reading...
2025-11-04T16:28:57,479  INFO Config:461 setting context to [file:/Users/ro9air/matsim-example-project/]
2025-11-04T16:28:57,480  INFO Config:461 setting context to [file:/Users/ro9air/matsim-example-project/]
2025-11-04T16:28:57,480  INFO MatsimXmlParser:153 starting to parse xml from file test/output/org/matsim/project/RunMatsimTest/test//output_plans.xml.gz ...
2025-11-04T16:28:57,480  INFO IOUtils:224 Resolved test/output/org/matsim/project/RunMatsimTest/test//output_plans.xml.gz to test/output/org/matsim/project/RunMatsimTest/test/output_plans.xml.gz
2025-11-04T16:28:57,481  INFO PopulationReader:135 using population_v6-reader.
2025-11-04T16:28:57,481  INFO MatsimXmlParser:296 Trying to load http://www.matsim.org/files/dtd/population_v6.dtd. In some cases (e.g. network interface up but no connection), this may take a bit.
2025-11-04T16:28:57,828  INFO ParallelPopulationReaderMatsimV6:168 Start parallel population reading...
2025-11-04T16:28:57,829  INFO PopulationImpl:111  person # 1
2025-11-04T16:28:57,829  INFO PopulationImpl:111  person # 4
2025-11-04T16:28:57,831  INFO PopulationImpl:111  person # 16
2025-11-04T16:28:57,834  INFO PopulationImpl:111  person # 64
2025-11-04T16:28:57,838  INFO ParallelPopulationReaderMatsimV6:238 Finished parallel population reading...
2025-11-04T16:28:57,843  INFO SingleHandlerEventsManager:148 adding Event-Handler: org.matsim.utils.eventsfilecomparison.Worker
2025-11-04T16:28:57,843  INFO SingleHandlerEventsManager:152   org.matsim.core.events.handler.BasicEventHandler
2025-11-04T16:28:57,843  INFO SingleHandlerEventsManager:284     > org.matsim.api.core.v01.events.Event
2025-11-04T16:28:57,843  INFO SingleHandlerEventsManager:152   java.lang.Runnable
2025-11-04T16:28:57,843  INFO SingleHandlerEventsManager:159 
2025-11-04T16:28:57,844  INFO SingleHandlerEventsManager:148 adding Event-Handler: org.matsim.utils.eventsfilecomparison.Worker
2025-11-04T16:28:57,844  INFO SingleHandlerEventsManager:152   org.matsim.core.events.handler.BasicEventHandler
2025-11-04T16:28:57,844  INFO SingleHandlerEventsManager:284     > org.matsim.api.core.v01.events.Event
2025-11-04T16:28:57,844  INFO SingleHandlerEventsManager:152   java.lang.Runnable
2025-11-04T16:28:57,844  INFO SingleHandlerEventsManager:159 
2025-11-04T16:28:57,846  INFO MatsimEventsReader$XmlEventsReader:163 using events_v1-reader.
2025-11-04T16:28:57,846  INFO MatsimEventsReader$XmlEventsReader:163 using events_v1-reader.
2025-11-04T16:28:57,846  INFO MatsimXmlParser:153 starting to parse xml from file test/input/org/matsim/project/RunMatsimTest/test//output_events.xml.gz ...
2025-11-04T16:28:57,846  INFO MatsimXmlParser:153 starting to parse xml from file test/output/org/matsim/project/RunMatsimTest/test//output_events.xml.gz ...
2025-11-04T16:28:57,846  INFO IOUtils:224 Resolved test/input/org/matsim/project/RunMatsimTest/test//output_events.xml.gz to test/input/org/matsim/project/RunMatsimTest/test/output_events.xml.gz
2025-11-04T16:28:57,846  INFO IOUtils:224 Resolved test/output/org/matsim/project/RunMatsimTest/test//output_events.xml.gz to test/output/org/matsim/project/RunMatsimTest/test/output_events.xml.gz
2025-11-04T16:28:57,847  INFO SingleHandlerEventsManager:181  event # 1
2025-11-04T16:28:57,847  INFO SingleHandlerEventsManager:181  event # 1
2025-11-04T16:28:57,848  INFO SingleHandlerEventsManager:181  event # 4
2025-11-04T16:28:57,848  INFO SingleHandlerEventsManager:181  event # 4
2025-11-04T16:28:57,848  INFO SingleHandlerEventsManager:181  event # 16
2025-11-04T16:28:57,848  INFO SingleHandlerEventsManager:181  event # 16
2025-11-04T16:28:57,849  INFO SingleHandlerEventsManager:181  event # 64
2025-11-04T16:28:57,849  INFO SingleHandlerEventsManager:181  event # 64
2025-11-04T16:28:57,852  INFO SingleHandlerEventsManager:181  event # 256
2025-11-04T16:28:57,853  INFO SingleHandlerEventsManager:181  event # 256
2025-11-04T16:28:57,865  INFO SingleHandlerEventsManager:181  event # 1024
2025-11-04T16:28:57,865  INFO SingleHandlerEventsManager:181  event # 1024
2025-11-04T16:28:57,902  INFO EventsFileComparator:93 Event files are semantically equivalent.
2025-11-04T16:28:57,903  INFO AutoResetIdCaches:68 Resetting Id caches.
]]></system-out>
    <system-err><![CDATA[2025-11-04T16:28:51,468  WARN XY2LinksForFacilities:51 There is no link for at least a facility. Assigning links for such facilities from coords.
2025-11-04T16:28:51,468  WARN XY2LinksForFacilities:52  This message given only once.
2025-11-04T16:28:51,470  WARN PrepareForSimImpl:265 'usePersonIdForMissingVehicleId' is deprecated. It will be removed soon.
2025-11-04T16:28:51,492  WARN RandomizingTimeDistanceTravelDisutilityFactory:113 There will be no routing randomness. The randomization of the travel disutility requires the monetary distance rate to be different than zero. Continuing anyway.
2025-11-04T16:28:51,492  WARN RandomizingTimeDistanceTravelDisutilityFactory:118 There will be no routing randomness. The randomization of the travel disutility requires the travel time cost rate to be different than zero. Continuing anyway.
2025-11-04T16:28:51,496  WARN NetworkRoutingProvider:137 [mode: car; routingMode: car] Using deprecated routing module without access/egress. Consider using AccessEgressNetworkRouter instead.
2025-11-04T16:28:51,499  WARN NetworkRoutingProvider:137 [mode: car; routingMode: car] Using deprecated routing module without access/egress. Consider using AccessEgressNetworkRouter instead.
2025-11-04T16:28:51,567  WARN NetworkRoutingProvider:137 [mode: car; routingMode: car] Using deprecated routing module without access/egress. Consider using AccessEgressNetworkRouter instead.
2025-11-04T16:28:51,568  WARN NetworkRoutingProvider:137 [mode: car; routingMode: car] Using deprecated routing module without access/egress. Consider using AccessEgressNetworkRouter instead.
2025-11-04T16:28:51,690  WARN QueueWithBuffer:504 Link 1 too small: enlarge storage capacity from: 1333.3333333333333 Vehicles to: 3599.712023038157 Vehicles.  This is not fatal, but modifies the traffic flow dynamics.
2025-11-04T16:28:51,691  WARN QueueWithBuffer:504 Link 20 too small: enlarge storage capacity from: 1333.3333333333333 Vehicles to: 3599.712023038157 Vehicles.  This is not fatal, but modifies the traffic flow dynamics.
2025-11-04T16:28:51,691  WARN QueueWithBuffer:504 Link 21 too small: enlarge storage capacity from: 1333.3333333333333 Vehicles to: 3599.712023038157 Vehicles.  This is not fatal, but modifies the traffic flow dynamics.
2025-11-04T16:28:51,691  WARN QueueWithBuffer:504 Link 22 too small: enlarge storage capacity from: 4666.666666666667 Vehicles to: 12598.99208063355 Vehicles.  This is not fatal, but modifies the traffic flow dynamics.
2025-11-04T16:28:51,691  WARN QueueWithBuffer:504 Link 23 too small: enlarge storage capacity from: 1333.3333333333333 Vehicles to: 3599.712023038157 Vehicles.  This is not fatal, but modifies the traffic flow dynamics.
2025-11-04T16:28:54,973  WARN NetworkRoutingProvider:137 [mode: car; routingMode: car] Using deprecated routing module without access/egress. Consider using AccessEgressNetworkRouter instead.
2025-11-04T16:28:54,974  WARN NetworkRoutingProvider:137 [mode: car; routingMode: car] Using deprecated routing module without access/egress. Consider using AccessEgressNetworkRouter instead.
2025-11-04T16:28:54,993  WARN NetworkRoutingProvider:137 [mode: car; routingMode: car] Using deprecated routing module without access/egress. Consider using AccessEgressNetworkRouter instead.
2025-11-04T16:28:54,993  WARN NetworkRoutingProvider:137 [mode: car; routingMode: car] Using deprecated routing module without access/egress. Consider using AccessEgressNetworkRouter instead.
2025-11-04T16:28:55,046  WARN QueueWithBuffer:504 Link 1 too small: enlarge storage capacity from: 1333.3333333333333 Vehicles to: 3599.712023038157 Vehicles.  This is not fatal, but modifies the traffic flow dynamics.
2025-11-04T16:28:55,046  WARN QueueWithBuffer:504 Link 20 too small: enlarge storage capacity from: 1333.3333333333333 Vehicles to: 3599.712023038157 Vehicles.  This is not fatal, but modifies the traffic flow dynamics.
2025-11-04T16:28:55,047  WARN QueueWithBuffer:504 Link 21 too small: enlarge storage capacity from: 1333.3333333333333 Vehicles to: 3599.712023038157 Vehicles.  This is not fatal, but modifies the traffic flow dynamics.
2025-11-04T16:28:55,047  WARN QueueWithBuffer:504 Link 22 too small: enlarge storage capacity from: 4666.666666666667 Vehicles to: 12598.99208063355 Vehicles.  This is not fatal, but modifies the traffic flow dynamics.
2025-11-04T16:28:55,047  WARN QueueWithBuffer:504 Link 23 too small: enlarge storage capacity from: 1333.3333333333333 Vehicles to: 3599.712023038157 Vehicles.  This is not fatal, but modifies the traffic flow dynamics.
]]></system-err>
  </testcase>
</testsuite>